SF:lib\core\database\database.g.dart
DA:10,16
DA:13,32
DA:15,16
DA:20,16
DA:26,32
DA:28,16
DA:32,16
DA:34,16
DA:35,48
DA:36,16
DA:37,32
DA:38,16
DA:41,14
DA:46,14
DA:47,14
DA:48,14
DA:49,0
DA:51,14
DA:52,14
DA:54,42
DA:57,0
DA:62,16
DA:63,16
DA:64,1
DA:66,0
DA:67,1
DA:68,3
DA:70,2
DA:72,3
DA:74,2
DA:79,0
DA:81,0
DA:90,1
DA:91,0
DA:93,0
DA:94,0
DA:95,0
DA:99,0
DA:100,0
DA:103,0
DA:107,0
DA:108,0
DA:109,0
DA:110,0
DA:113,0
DA:115,0
DA:116,0
DA:117,0
DA:118,0
DA:122,0
DA:123,0
DA:124,0
DA:125,0
DA:126,0
DA:127,0
DA:131,0
DA:133,0
DA:134,0
DA:135,0
DA:136,0
DA:137,0
DA:140,0
DA:141,0
DA:142,0
DA:145,0
DA:151,0
DA:155,14
DA:156,14
DA:157,0
DA:161,0
DA:162,0
DA:163,0
DA:167,0
DA:168,0
DA:171,14
DA:173,14
DA:174,28
DA:175,0
DA:177,28
DA:178,56
DA:183,0
DA:185,0
DA:186,0
DA:187,0
DA:188,0
DA:189,0
DA:198,17
DA:201,34
DA:203,17
DA:208,17
DA:214,34
DA:216,17
DA:225,34
DA:227,17
DA:232,17
DA:233,68
DA:234,17
DA:235,34
DA:236,17
DA:239,0
DA:244,0
DA:245,0
DA:246,0
DA:247,0
DA:249,0
DA:250,0
DA:252,0
DA:255,0
DA:257,0
DA:258,0
DA:260,0
DA:266,16
DA:267,16
DA:268,17
DA:269,17
DA:270,34
DA:272,0
DA:274,0
DA:275,0
DA:276,0
DA:278,0
DA:280,0
DA:282,0
DA:284,0
DA:286,0
DA:291,0
DA:293,0
DA:307,0
DA:308,0
DA:310,0
DA:311,0
DA:312,0
DA:313,0
DA:314,0
DA:319,0
DA:320,0
DA:321,0
DA:322,0
DA:323,0
DA:325,0
DA:329,0
DA:333,0
DA:334,0
DA:335,0
DA:336,0
DA:337,0
DA:340,0
DA:342,0
DA:343,0
DA:344,0
DA:345,0
DA:346,0
DA:350,0
DA:354,0
DA:355,0
DA:356,0
DA:357,0
DA:359,0
DA:360,0
DA:361,0
DA:362,0
DA:363,0
DA:367,0
DA:369,0
DA:370,0
DA:371,0
DA:372,0
DA:373,0
DA:374,0
DA:377,0
DA:378,0
DA:379,0
DA:382,0
DA:383,0
DA:384,0
DA:385,0
DA:392,0
DA:397,0
DA:401,0
DA:402,0
DA:407,0
DA:408,0
DA:409,0
DA:410,0
DA:414,0
DA:419,0
DA:420,0
DA:421,0
DA:422,0
DA:426,0
DA:428,0
DA:429,0
DA:430,0
DA:432,0
DA:433,0
DA:435,0
DA:436,0
DA:441,0
DA:443,0
DA:444,0
DA:445,0
DA:446,0
DA:447,0
DA:448,0
DA:456,16
DA:459,32
DA:461,16
DA:466,16
DA:472,32
DA:474,16
DA:481,32
DA:483,16
DA:491,32
DA:493,16
DA:502,32
DA:504,16
DA:508,16
DA:516,32
DA:518,16
DA:522,16
DA:530,32
DA:532,16
DA:539,32
DA:541,16
DA:548,32
DA:550,16
DA:554,32
DA:556,16
DA:557,16
DA:559,16
DA:563,32
DA:565,16
DA:566,16
DA:568,16
DA:572,32
DA:577,32
DA:579,16
DA:588,32
DA:590,16
DA:597,32
DA:599,16
DA:603,32
DA:604,32
DA:608,16
DA:609,16
DA:611,16
DA:615,16
DA:621,16
DA:622,16
DA:624,16
DA:628,32
DA:629,32
DA:634,32
DA:636,16
DA:645,32
DA:647,16
DA:652,16
DA:653,16
DA:654,16
DA:655,16
DA:656,16
DA:657,16
DA:658,16
DA:659,16
DA:660,16
DA:661,16
DA:662,16
DA:663,16
DA:664,16
DA:665,16
DA:666,16
DA:667,16
DA:668,16
DA:669,16
DA:670,16
DA:671,16
DA:673,16
DA:674,32
DA:675,16
DA:678,14
DA:683,14
DA:684,14
DA:685,14
DA:686,4
DA:688,14
DA:689,14
DA:691,42
DA:694,0
DA:696,14
DA:697,2
DA:699,6
DA:702,14
DA:703,1
DA:705,3
DA:708,14
DA:709,14
DA:711,28
DA:712,14
DA:717,0
DA:719,14
DA:720,1
DA:722,3
DA:725,14
DA:726,1
DA:728,2
DA:729,1
DA:734,14
DA:735,1
DA:737,3
DA:740,14
DA:741,1
DA:743,2
DA:744,1
DA:749,14
DA:750,1
DA:752,3
DA:755,14
DA:756,1
DA:758,2
DA:759,1
DA:764,14
DA:765,1
DA:767,3
DA:770,14
DA:771,1
DA:773,2
DA:774,1
DA:782,16
DA:783,16
DA:784,3
DA:786,1
DA:787,3
DA:788,9
DA:790,6
DA:792,9
DA:794,6
DA:796,9
DA:798,6
DA:800,9
DA:802,6
DA:804,9
DA:806,6
DA:808,9
DA:810,6
DA:812,9
DA:814,6
DA:816,9
DA:818,6
DA:820,3
DA:821,3
DA:822,9
DA:824,6
DA:827,6
DA:828,9
DA:830,6
DA:833,6
DA:834,9
DA:836,6
DA:839,9
DA:841,6
DA:843,9
DA:845,6
DA:847,6
DA:848,9
DA:850,6
DA:853,9
DA:855,6
DA:857,6
DA:858,9
DA:860,6
DA:863,9
DA:865,6
DA:867,9
DA:869,6
DA:874,0
DA:876,0
DA:879,32
DA:881,32
DA:882,32
DA:883,32
DA:885,32
DA:886,32
DA:887,32
DA:889,32
DA:890,32
DA:892,32
DA:893,32
DA:916,4
DA:936,0
DA:938,0
DA:939,0
DA:940,0
DA:941,0
DA:942,0
DA:944,0
DA:945,0
DA:947,0
DA:948,0
DA:949,0
DA:951,0
DA:952,0
DA:954,0
DA:955,0
DA:957,0
DA:958,0
DA:959,0
DA:960,0
DA:964,0
DA:965,0
DA:966,0
DA:969,0
DA:970,0
DA:971,0
DA:974,0
DA:975,0
DA:977,0
DA:978,0
DA:981,0
DA:982,0
DA:985,0
DA:987,0
DA:988,0
DA:991,0
DA:992,0
DA:994,0
DA:995,0
DA:1000,0
DA:1001,0
DA:1002,0
DA:1003,0
DA:1004,0
DA:1005,0
DA:1007,0
DA:1008,0
DA:1009,0
DA:1011,0
DA:1012,0
DA:1014,0
DA:1015,0
DA:1017,0
DA:1018,0
DA:1020,0
DA:1021,0
DA:1023,0
DA:1024,0
DA:1026,0
DA:1027,0
DA:1029,0
DA:1030,0
DA:1032,0
DA:1033,0
DA:1034,0
DA:1035,0
DA:1036,0
DA:1038,0
DA:1039,0
DA:1041,0
DA:1045,0
DA:1049,0
DA:1050,0
DA:1051,0
DA:1052,0
DA:1053,0
DA:1054,0
DA:1055,0
DA:1056,0
DA:1057,0
DA:1058,0
DA:1059,0
DA:1060,0
DA:1062,0
DA:1063,0
DA:1064,0
DA:1065,0
DA:1066,0
DA:1067,0
DA:1069,0
DA:1070,0
DA:1072,0
DA:1073,0
DA:1075,0
DA:1076,0
DA:1079,0
DA:1081,0
DA:1082,0
DA:1083,0
DA:1084,0
DA:1085,0
DA:1086,0
DA:1087,0
DA:1088,0
DA:1089,0
DA:1090,0
DA:1091,0
DA:1092,0
DA:1093,0
DA:1094,0
DA:1095,0
DA:1096,0
DA:1097,0
DA:1099,0
DA:1100,0
DA:1101,0
DA:1103,0
DA:1104,0
DA:1108,0
DA:1127,0
DA:1128,0
DA:1129,0
DA:1130,0
DA:1131,0
DA:1132,0
DA:1133,0
DA:1134,0
DA:1135,0
DA:1136,0
DA:1137,0
DA:1138,0
DA:1139,0
DA:1140,0
DA:1141,0
DA:1142,0
DA:1143,0
DA:1144,0
DA:1145,0
DA:1146,0
DA:1147,0
DA:1148,0
DA:1149,0
DA:1150,0
DA:1151,0
DA:1152,0
DA:1153,0
DA:1155,0
DA:1156,0
DA:1157,0
DA:1158,0
DA:1159,0
DA:1160,0
DA:1161,0
DA:1162,0
DA:1163,0
DA:1164,0
DA:1165,0
DA:1166,0
DA:1167,0
DA:1168,0
DA:1169,0
DA:1170,0
DA:1171,0
DA:1172,0
DA:1173,0
DA:1174,0
DA:1175,0
DA:1176,0
DA:1177,0
DA:1178,0
DA:1179,0
DA:1180,0
DA:1181,0
DA:1182,0
DA:1183,0
DA:1184,0
DA:1185,0
DA:1186,0
DA:1187,0
DA:1188,0
DA:1189,0
DA:1190,0
DA:1191,0
DA:1192,0
DA:1193,0
DA:1194,0
DA:1198,0
DA:1200,0
DA:1201,0
DA:1202,0
DA:1203,0
DA:1204,0
DA:1205,0
DA:1206,0
DA:1207,0
DA:1208,0
DA:1209,0
DA:1210,0
DA:1211,0
DA:1212,0
DA:1213,0
DA:1214,0
DA:1215,0
DA:1216,0
DA:1217,0
DA:1218,0
DA:1219,0
DA:1220,0
DA:1223,0
DA:1224,0
DA:1225,0
DA:1226,0
DA:1227,0
DA:1228,0
DA:1229,0
DA:1230,0
DA:1231,0
DA:1232,0
DA:1233,0
DA:1234,0
DA:1235,0
DA:1236,0
DA:1237,0
DA:1238,0
DA:1239,0
DA:1240,0
DA:1241,0
DA:1242,0
DA:1244,0
DA:1247,0
DA:1248,0
DA:1249,0
DA:1250,0
DA:1251,0
DA:1252,0
DA:1253,0
DA:1254,0
DA:1255,0
DA:1256,0
DA:1257,0
DA:1258,0
DA:1259,0
DA:1260,0
DA:1261,0
DA:1262,0
DA:1263,0
DA:1264,0
DA:1265,0
DA:1287,1
DA:1307,13
DA:1326,13
DA:1327,13
DA:1328,0
DA:1348,0
DA:1349,0
DA:1350,0
DA:1351,0
DA:1352,0
DA:1353,0
DA:1354,0
DA:1355,0
DA:1356,0
DA:1358,0
DA:1359,0
DA:1360,0
DA:1361,0
DA:1362,0
DA:1363,0
DA:1365,0
DA:1366,0
DA:1367,0
DA:1368,0
DA:1372,0
DA:1392,0
DA:1393,0
DA:1394,0
DA:1395,0
DA:1396,0
DA:1397,0
DA:1398,0
DA:1399,0
DA:1400,0
DA:1401,0
DA:1402,0
DA:1403,0
DA:1404,0
DA:1405,0
DA:1406,0
DA:1408,0
DA:1409,0
DA:1410,0
DA:1411,0
DA:1415,14
DA:1417,14
DA:1418,28
DA:1419,4
DA:1421,28
DA:1422,56
DA:1424,28
DA:1425,8
DA:1427,28
DA:1428,4
DA:1430,28
DA:1431,56
DA:1433,28
DA:1434,4
DA:1436,28
DA:1437,4
DA:1439,28
DA:1440,4
DA:1442,28
DA:1443,4
DA:1444,4
DA:1445,4
DA:1449,28
DA:1450,2
DA:1451,4
DA:1454,28
DA:1455,2
DA:1456,4
DA:1459,28
DA:1460,4
DA:1462,28
DA:1463,4
DA:1465,28
DA:1466,2
DA:1467,4
DA:1470,28
DA:1471,2
DA:1472,2
DA:1475,28
DA:1476,2
DA:1477,4
DA:1480,28
DA:1481,4
DA:1483,28
DA:1484,4
DA:1489,0
DA:1491,0
DA:1492,0
DA:1493,0
DA:1494,0
DA:1495,0
DA:1496,0
DA:1497,0
DA:1498,0
DA:1499,0
DA:1500,0
DA:1501,0
DA:1502,0
DA:1503,0
DA:1504,0
DA:1505,0
DA:1506,0
DA:1507,0
DA:1508,0
DA:1509,0
DA:1510,0
DA:1511,0
DA:1520,16
DA:1523,32
DA:1525,16
DA:1530,16
DA:1538,32
DA:1540,16
DA:1544,16
DA:1550,32
DA:1552,16
DA:1556,16
DA:1564,32
DA:1566,16
DA:1574,32
DA:1576,16
DA:1584,32
DA:1586,16
DA:1595,32
DA:1597,16
DA:1603,16
DA:1604,16
DA:1605,16
DA:1606,16
DA:1607,16
DA:1608,16
DA:1609,16
DA:1610,16
DA:1611,16
DA:1613,16
DA:1614,32
DA:1615,16
DA:1618,1
DA:1623,1
DA:1624,1
DA:1625,1
DA:1626,0
DA:1628,1
DA:1629,1
DA:1631,3
DA:1634,0
DA:1636,1
DA:1637,1
DA:1639,3
DA:1642,0
DA:1644,1
DA:1645,1
DA:1647,2
DA:1648,1
DA:1653,0
DA:1655,1
DA:1656,0
DA:1658,0
DA:1659,0
DA:1664,1
DA:1665,0
DA:1667,0
DA:1668,0
DA:1673,1
DA:1674,0
DA:1676,0
DA:1677,0
DA:1685,16
DA:1686,16
DA:1687,16
DA:1688,16
DA:1689,32
DA:1691,0
DA:1693,0
DA:1694,0
DA:1695,0
DA:1697,0
DA:1699,0
DA:1701,0
DA:1703,0
DA:1705,0
DA:1707,0
DA:1709,0
DA:1711,0
DA:1713,0
DA:1715,0
DA:1717,0
DA:1719,0
DA:1721,0
DA:1726,0
DA:1728,0
DA:1753,0
DA:1762,0
DA:1764,0
DA:1765,0
DA:1766,0
DA:1767,0
DA:1768,0
DA:1769,0
DA:1770,0
DA:1772,0
DA:1773,0
DA:1775,0
DA:1779,0
DA:1780,0
DA:1781,0
DA:1782,0
DA:1783,0
DA:1784,0
DA:1785,0
DA:1787,0
DA:1788,0
DA:1790,0
DA:1791,0
DA:1795,0
DA:1799,0
DA:1800,0
DA:1801,0
DA:1802,0
DA:1803,0
DA:1804,0
DA:1805,0
DA:1806,0
DA:1808,0
DA:1809,0
DA:1811,0
DA:1814,0
DA:1816,0
DA:1817,0
DA:1818,0
DA:1819,0
DA:1820,0
DA:1821,0
DA:1822,0
DA:1823,0
DA:1824,0
DA:1828,0
DA:1836,0
DA:1837,0
DA:1838,0
DA:1839,0
DA:1840,0
DA:1841,0
DA:1842,0
DA:1843,0
DA:1844,0
DA:1845,0
DA:1846,0
DA:1847,0
DA:1849,0
DA:1850,0
DA:1851,0
DA:1852,0
DA:1853,0
DA:1854,0
DA:1855,0
DA:1856,0
DA:1857,0
DA:1858,0
DA:1859,0
DA:1860,0
DA:1861,0
DA:1862,0
DA:1863,0
DA:1864,0
DA:1865,0
DA:1869,0
DA:1871,0
DA:1872,0
DA:1873,0
DA:1874,0
DA:1875,0
DA:1876,0
DA:1877,0
DA:1878,0
DA:1879,0
DA:1880,0
DA:1883,0
DA:1884,0
DA:1885,0
DA:1886,0
DA:1887,0
DA:1888,0
DA:1889,0
DA:1890,0
DA:1891,0
DA:1893,0
DA:1896,0
DA:1897,0
DA:1898,0
DA:1899,0
DA:1900,0
DA:1901,0
DA:1902,0
DA:1903,0
DA:1914,0
DA:1923,1
DA:1931,1
DA:1932,1
DA:1933,1
DA:1934,0
DA:1943,0
DA:1944,0
DA:1945,0
DA:1946,0
DA:1947,0
DA:1949,0
DA:1951,0
DA:1952,0
DA:1956,0
DA:1965,0
DA:1966,0
DA:1967,0
DA:1968,0
DA:1969,0
DA:1970,0
DA:1972,0
DA:1973,0
DA:1977,1
DA:1979,1
DA:1980,2
DA:1981,0
DA:1983,2
DA:1984,4
DA:1986,2
DA:1987,4
DA:1989,2
DA:1990,4
DA:1992,2
DA:1993,0
DA:1995,2
DA:1996,0
DA:1997,0
DA:2000,2
DA:2001,0
DA:2006,0
DA:2008,0
DA:2009,0
DA:2010,0
DA:2011,0
DA:2012,0
DA:2013,0
DA:2014,0
DA:2015,0
DA:2016,0
DA:2017,0
DA:2025,16
DA:2028,32
DA:2030,16
DA:2035,16
DA:2041,32
DA:2043,16
DA:2052,32
DA:2054,16
DA:2063,32
DA:2065,16
DA:2075,32
DA:2077,16
DA:2083,16
DA:2084,16
DA:2085,16
DA:2086,16
DA:2087,16
DA:2088,16
DA:2089,16
DA:2091,16
DA:2092,32
DA:2093,16
DA:2096,12
DA:2101,12
DA:2102,12
DA:2103,12
DA:2104,0
DA:2106,12
DA:2107,12
DA:2109,36
DA:2112,0
DA:2114,12
DA:2115,12
DA:2117,36
DA:2120,0
DA:2122,12
DA:2123,0
DA:2125,0
DA:2128,12
DA:2129,0
DA:2131,0
DA:2137,16
DA:2138,16
DA:2139,0
DA:2141,0
DA:2142,0
DA:2143,0
DA:2145,0
DA:2147,0
DA:2149,0
DA:2151,0
DA:2153,0
DA:2155,0
DA:2157,0
DA:2159,0
DA:2161,0
DA:2166,0
DA:2168,0
DA:2187,0
DA:2194,0
DA:2196,0
DA:2197,0
DA:2198,0
DA:2199,0
DA:2200,0
DA:2201,0
DA:2205,0
DA:2206,0
DA:2207,0
DA:2208,0
DA:2209,0
DA:2210,0
DA:2211,0
DA:2215,0
DA:2219,0
DA:2220,0
DA:2221,0
DA:2222,0
DA:2223,0
DA:2224,0
DA:2225,0
DA:2228,0
DA:2230,0
DA:2231,0
DA:2232,0
DA:2233,0
DA:2234,0
DA:2235,0
DA:2236,0
DA:2240,0
DA:2246,0
DA:2247,0
DA:2248,0
DA:2249,0
DA:2250,0
DA:2251,0
DA:2253,0
DA:2254,0
DA:2255,0
DA:2256,0
DA:2257,0
DA:2258,0
DA:2259,0
DA:2263,0
DA:2265,0
DA:2266,0
DA:2267,0
DA:2268,0
DA:2269,0
DA:2270,0
DA:2271,0
DA:2272,0
DA:2275,0
DA:2276,0
DA:2277,0
DA:2280,0
DA:2281,0
DA:2282,0
DA:2283,0
DA:2284,0
DA:2285,0
DA:2294,0
DA:2301,12
DA:2307,12
DA:2308,12
DA:2309,0
DA:2316,0
DA:2317,0
DA:2318,0
DA:2319,0
DA:2320,0
DA:2321,0
DA:2325,0
DA:2332,0
DA:2333,0
DA:2334,0
DA:2335,0
DA:2336,0
DA:2337,0
DA:2341,12
DA:2343,12
DA:2344,24
DA:2345,0
DA:2347,24
DA:2348,48
DA:2350,24
DA:2351,48
DA:2353,24
DA:2354,0
DA:2356,24
DA:2357,0
DA:2362,0
DA:2364,0
DA:2365,0
DA:2366,0
DA:2367,0
DA:2368,0
DA:2369,0
DA:2370,0
DA:2371,0
DA:2380,16
DA:2383,32
DA:2385,16
DA:2390,16
DA:2396,32
DA:2398,16
DA:2407,32
DA:2409,16
DA:2419,32
DA:2421,16
DA:2427,16
DA:2428,80
DA:2429,16
DA:2430,32
DA:2431,16
DA:2434,3
DA:2439,3
DA:2440,3
DA:2441,3
DA:2442,4
DA:2444,3
DA:2445,3
DA:2447,9
DA:2450,0
DA:2452,3
DA:2453,0
DA:2455,0
DA:2458,3
DA:2459,1
DA:2461,3
DA:2467,16
DA:2468,16
DA:2469,1
DA:2471,0
DA:2472,1
DA:2473,3
DA:2475,2
DA:2477,3
DA:2479,2
DA:2481,3
DA:2483,2
DA:2485,3
DA:2487,2
DA:2492,0
DA:2494,0
DA:2510,1
DA:2516,0
DA:2518,0
DA:2519,0
DA:2520,0
DA:2521,0
DA:2522,0
DA:2526,0
DA:2527,0
DA:2528,0
DA:2529,0
DA:2530,0
DA:2531,0
DA:2535,0
DA:2539,0
DA:2540,0
DA:2541,0
DA:2542,0
DA:2543,0
DA:2544,0
DA:2547,0
DA:2549,0
DA:2550,0
DA:2551,0
DA:2552,0
DA:2553,0
DA:2554,0
DA:2558,0
DA:2563,0
DA:2564,0
DA:2565,0
DA:2566,0
DA:2567,0
DA:2569,0
DA:2570,0
DA:2571,0
DA:2572,0
DA:2573,0
DA:2574,0
DA:2578,0
DA:2580,0
DA:2581,0
DA:2582,0
DA:2583,0
DA:2584,0
DA:2585,0
DA:2586,0
DA:2589,0
DA:2590,0
DA:2591,0
DA:2594,0
DA:2595,0
DA:2596,0
DA:2597,0
DA:2598,0
DA:2606,1
DA:2612,2
DA:2617,2
DA:2618,0
DA:2624,0
DA:2625,0
DA:2626,0
DA:2627,0
DA:2628,0
DA:2632,0
DA:2638,0
DA:2639,0
DA:2640,0
DA:2641,0
DA:2642,0
DA:2646,3
DA:2648,3
DA:2649,6
DA:2650,4
DA:2652,6
DA:2653,12
DA:2655,6
DA:2656,0
DA:2658,6
DA:2659,4
DA:2664,0
DA:2666,0
DA:2667,0
DA:2668,0
DA:2669,0
DA:2670,0
DA:2671,0
DA:2672,0
DA:2681,16
DA:2684,32
DA:2686,16
DA:2691,16
DA:2699,32
DA:2701,16
DA:2705,16
DA:2713,16
DA:2714,16
DA:2716,16
DA:2724,32
DA:2726,16
DA:2733,32
DA:2735,16
DA:2739,16
DA:2747,32
DA:2749,16
DA:2759,32
DA:2761,16
DA:2767,16
DA:2768,16
DA:2769,16
DA:2770,16
DA:2771,16
DA:2772,16
DA:2773,16
DA:2774,16
DA:2775,16
DA:2777,16
DA:2778,32
DA:2779,16
DA:2782,4
DA:2787,4
DA:2788,4
DA:2789,4
DA:2790,0
DA:2792,4
DA:2793,4
DA:2795,12
DA:2798,0
DA:2800,4
DA:2801,4
DA:2803,8
DA:2804,4
DA:2809,0
DA:2811,4
DA:2812,4
DA:2814,8
DA:2815,4
DA:2820,0
DA:2822,4
DA:2823,4
DA:2825,12
DA:2828,0
DA:2830,4
DA:2831,0
DA:2833,0
DA:2836,4
DA:2837,0
DA:2839,0
DA:2845,16
DA:2846,16
DA:2847,16
DA:2848,16
DA:2849,48
DA:2851,0
DA:2853,0
DA:2854,0
DA:2855,0
DA:2857,0
DA:2859,0
DA:2861,0
DA:2863,0
DA:2865,0
DA:2867,0
DA:2869,0
DA:2871,0
DA:2873,0
DA:2875,0
DA:2877,0
DA:2879,0
DA:2881,0
DA:2886,0
DA:2888,0
DA:2914,0
DA:2923,0
DA:2925,0
DA:2926,0
DA:2927,0
DA:2928,0
DA:2929,0
DA:2930,0
DA:2931,0
DA:2932,0
DA:2936,0
DA:2937,0
DA:2938,0
DA:2939,0
DA:2940,0
DA:2941,0
DA:2942,0
DA:2943,0
DA:2944,0
DA:2948,0
DA:2952,0
DA:2953,0
DA:2954,0
DA:2955,0
DA:2956,0
DA:2957,0
DA:2958,0
DA:2960,0
DA:2961,0
DA:2962,0
DA:2965,0
DA:2967,0
DA:2968,0
DA:2969,0
DA:2970,0
DA:2971,0
DA:2972,0
DA:2973,0
DA:2974,0
DA:2975,0
DA:2979,0
DA:2987,0
DA:2988,0
DA:2989,0
DA:2990,0
DA:2991,0
DA:2992,0
DA:2993,0
DA:2994,0
DA:2996,0
DA:2997,0
DA:2998,0
DA:2999,0
DA:3000,0
DA:3001,0
DA:3002,0
DA:3003,0
DA:3004,0
DA:3005,0
DA:3006,0
DA:3007,0
DA:3008,0
DA:3012,0
DA:3014,0
DA:3015,0
DA:3016,0
DA:3017,0
DA:3018,0
DA:3019,0
DA:3020,0
DA:3021,0
DA:3022,0
DA:3023,0
DA:3026,0
DA:3027,0
DA:3028,0
DA:3029,0
DA:3030,0
DA:3031,0
DA:3032,0
DA:3033,0
DA:3034,0
DA:3036,0
DA:3039,0
DA:3040,0
DA:3041,0
DA:3042,0
DA:3043,0
DA:3044,0
DA:3045,0
DA:3046,0
DA:3057,0
DA:3066,4
DA:3074,4
DA:3075,4
DA:3076,4
DA:3077,4
DA:3078,0
DA:3087,0
DA:3088,0
DA:3089,0
DA:3090,0
DA:3092,0
DA:3093,0
DA:3094,0
DA:3095,0
DA:3099,0
DA:3108,0
DA:3109,0
DA:3110,0
DA:3111,0
DA:3112,0
DA:3113,0
DA:3114,0
DA:3115,0
DA:3119,4
DA:3121,4
DA:3122,8
DA:3123,0
DA:3125,8
DA:3126,16
DA:3128,8
DA:3129,16
DA:3131,8
DA:3132,16
DA:3134,8
DA:3135,16
DA:3137,8
DA:3138,0
DA:3140,8
DA:3141,0
DA:3146,0
DA:3148,0
DA:3149,0
DA:3150,0
DA:3151,0
DA:3152,0
DA:3153,0
DA:3154,0
DA:3155,0
DA:3156,0
DA:3157,0
DA:3165,16
DA:3168,32
DA:3170,16
DA:3175,16
DA:3183,32
DA:3185,16
DA:3189,16
DA:3197,32
DA:3199,16
DA:3203,16
DA:3211,32
DA:3213,16
DA:3220,32
DA:3222,16
DA:3226,16
DA:3234,32
DA:3236,16
DA:3246,32
DA:3248,16
DA:3254,16
DA:3255,16
DA:3256,16
DA:3257,16
DA:3258,16
DA:3259,16
DA:3260,16
DA:3261,16
DA:3262,16
DA:3264,16
DA:3265,32
DA:3266,16
DA:3269,2
DA:3274,2
DA:3275,2
DA:3276,2
DA:3277,4
DA:3279,2
DA:3280,2
DA:3282,6
DA:3285,0
DA:3287,2
DA:3288,2
DA:3290,6
DA:3293,2
DA:3294,2
DA:3296,6
DA:3299,0
DA:3301,2
DA:3302,2
DA:3304,6
DA:3307,0
DA:3309,2
DA:3310,1
DA:3312,3
DA:3315,2
DA:3316,2
DA:3318,6
DA:3324,16
DA:3325,16
DA:3326,2
DA:3328,0
DA:3329,2
DA:3330,6
DA:3332,4
DA:3334,6
DA:3336,4
DA:3338,6
DA:3340,4
DA:3342,6
DA:3344,4
DA:3346,6
DA:3348,4
DA:3350,6
DA:3352,4
DA:3354,6
DA:3356,4
DA:3361,0
DA:3363,0
DA:3388,2
DA:3397,0
DA:3399,0
DA:3400,0
DA:3401,0
DA:3402,0
DA:3403,0
DA:3405,0
DA:3406,0
DA:3407,0
DA:3408,0
DA:3412,0
DA:3413,0
DA:3414,0
DA:3415,0
DA:3416,0
DA:3418,0
DA:3419,0
DA:3420,0
DA:3421,0
DA:3422,0
DA:3426,0
DA:3430,0
DA:3431,0
DA:3432,0
DA:3433,0
DA:3434,0
DA:3435,0
DA:3436,0
DA:3437,0
DA:3438,0
DA:3441,0
DA:3443,0
DA:3444,0
DA:3445,0
DA:3446,0
DA:3447,0
DA:3448,0
DA:3449,0
DA:3450,0
DA:3451,0
DA:3455,0
DA:3463,0
DA:3464,0
DA:3465,0
DA:3466,0
DA:3467,0
DA:3468,0
DA:3469,0
DA:3470,0
DA:3472,0
DA:3473,0
DA:3474,0
DA:3475,0
DA:3476,0
DA:3477,0
DA:3478,0
DA:3479,0
DA:3480,0
DA:3484,0
DA:3486,0
DA:3487,0
DA:3488,0
DA:3489,0
DA:3490,0
DA:3491,0
DA:3492,0
DA:3493,0
DA:3494,0
DA:3495,0
DA:3498,0
DA:3499,0
DA:3500,0
DA:3501,0
DA:3502,0
DA:3503,0
DA:3504,0
DA:3505,0
DA:3506,0
DA:3508,0
DA:3511,0
DA:3512,0
DA:3513,0
DA:3514,0
DA:3515,0
DA:3516,0
DA:3517,0
DA:3518,0
DA:3529,1
DA:3538,1
DA:3546,1
DA:3547,1
DA:3548,1
DA:3549,0
DA:3558,0
DA:3559,0
DA:3560,0
DA:3561,0
DA:3562,0
DA:3563,0
DA:3564,0
DA:3565,0
DA:3569,0
DA:3578,0
DA:3579,0
DA:3580,0
DA:3581,0
DA:3582,0
DA:3583,0
DA:3584,0
DA:3585,0
DA:3589,2
DA:3591,2
DA:3592,4
DA:3593,4
DA:3595,4
DA:3596,8
DA:3598,4
DA:3599,8
DA:3601,4
DA:3602,8
DA:3604,4
DA:3605,8
DA:3607,4
DA:3608,4
DA:3610,4
DA:3611,8
DA:3616,0
DA:3618,0
DA:3619,0
DA:3620,0
DA:3621,0
DA:3622,0
DA:3623,0
DA:3624,0
DA:3625,0
DA:3626,0
DA:3627,0
DA:3636,16
DA:3639,32
DA:3641,16
DA:3646,16
DA:3654,32
DA:3656,16
DA:3660,16
DA:3668,32
DA:3670,16
DA:3672,16
DA:3682,32
DA:3684,16
DA:3691,32
DA:3693,16
DA:3697,16
DA:3705,32
DA:3707,16
DA:3711,16
DA:3719,32
DA:3721,16
DA:3727,16
DA:3728,16
DA:3729,16
DA:3730,16
DA:3731,16
DA:3732,16
DA:3733,16
DA:3734,16
DA:3735,16
DA:3737,16
DA:3738,32
DA:3739,16
DA:3742,1
DA:3747,1
DA:3748,1
DA:3749,1
DA:3750,0
DA:3752,1
DA:3753,1
DA:3755,3
DA:3758,0
DA:3760,1
DA:3761,1
DA:3763,2
DA:3764,1
DA:3769,0
DA:3771,1
DA:3772,1
DA:3774,3
DA:3777,0
DA:3779,1
DA:3780,1
DA:3782,3
DA:3785,0
DA:3787,1
DA:3788,0
DA:3790,0
DA:3793,1
DA:3794,0
DA:3796,0
DA:3802,16
DA:3803,16
DA:3804,0
DA:3809,0
DA:3810,0
DA:3811,0
DA:3813,0
DA:3815,0
DA:3817,0
DA:3819,0
DA:3821,0
DA:3823,0
DA:3825,0
DA:3827,0
DA:3829,0
DA:3831,0
DA:3833,0
DA:3835,0
DA:3837,0
DA:3842,0
DA:3844,0
DA:3870,0
DA:3879,0
DA:3881,0
DA:3882,0
DA:3883,0
DA:3884,0
DA:3885,0
DA:3886,0
DA:3887,0
DA:3888,0
DA:3890,0
DA:3894,0
DA:3895,0
DA:3896,0
DA:3897,0
DA:3898,0
DA:3899,0
DA:3900,0
DA:3901,0
DA:3903,0
DA:3904,0
DA:3908,0
DA:3912,0
DA:3913,0
DA:3914,0
DA:3915,0
DA:3916,0
DA:3917,0
DA:3918,0
DA:3919,0
DA:3920,0
DA:3923,0
DA:3925,0
DA:3926,0
DA:3927,0
DA:3928,0
DA:3929,0
DA:3930,0
DA:3931,0
DA:3932,0
DA:3933,0
DA:3937,0
DA:3945,0
DA:3946,0
DA:3947,0
DA:3948,0
DA:3949,0
DA:3950,0
DA:3951,0
DA:3952,0
DA:3954,0
DA:3957,0
DA:3958,0
DA:3959,0
DA:3960,0
DA:3961,0
DA:3962,0
DA:3963,0
DA:3964,0
DA:3965,0
DA:3966,0
DA:3970,0
DA:3972,0
DA:3973,0
DA:3974,0
DA:3975,0
DA:3976,0
DA:3977,0
DA:3978,0
DA:3979,0
DA:3980,0
DA:3981,0
DA:3984,0
DA:3985,0
DA:3986,0
DA:3987,0
DA:3988,0
DA:3989,0
DA:3990,0
DA:3991,0
DA:3992,0
DA:3994,0
DA:3997,0
DA:3998,0
DA:3999,0
DA:4000,0
DA:4001,0
DA:4002,0
DA:4003,0
DA:4004,0
DA:4016,0
DA:4025,1
DA:4033,1
DA:4034,1
DA:4035,1
DA:4036,1
DA:4037,0
DA:4046,0
DA:4047,0
DA:4048,0
DA:4049,0
DA:4050,0
DA:4051,0
DA:4052,0
DA:4053,0
DA:4057,0
DA:4066,0
DA:4067,0
DA:4068,0
DA:4069,0
DA:4070,0
DA:4071,0
DA:4072,0
DA:4073,0
DA:4077,1
DA:4079,1
DA:4080,2
DA:4081,0
DA:4083,2
DA:4084,4
DA:4086,2
DA:4087,4
DA:4089,2
DA:4090,4
DA:4092,2
DA:4093,4
DA:4095,2
DA:4096,0
DA:4098,2
DA:4099,0
DA:4104,0
DA:4106,0
DA:4107,0
DA:4108,0
DA:4109,0
DA:4110,0
DA:4111,0
DA:4112,0
DA:4113,0
DA:4114,0
DA:4115,0
DA:4124,16
DA:4127,32
DA:4129,16
DA:4136,32
DA:4138,16
DA:4142,16
DA:4146,32
DA:4148,16
DA:4157,32
DA:4159,16
DA:4166,32
DA:4168,16
DA:4175,32
DA:4177,16
DA:4187,32
DA:4189,16
DA:4199,32
DA:4201,16
DA:4207,16
DA:4208,16
DA:4209,16
DA:4210,16
DA:4211,16
DA:4212,16
DA:4213,16
DA:4214,16
DA:4215,16
DA:4216,16
DA:4218,16
DA:4219,32
DA:4220,16
DA:4223,0
DA:4228,0
DA:4229,0
DA:4230,0
DA:4231,0
DA:4233,0
DA:4235,0
DA:4236,0
DA:4238,0
DA:4241,0
DA:4243,0
DA:4244,0
DA:4246,0
DA:4249,0
DA:4251,0
DA:4252,0
DA:4254,0
DA:4255,0
DA:4260,0
DA:4261,0
DA:4263,0
DA:4266,0
DA:4268,0
DA:4269,0
DA:4271,0
DA:4274,0
DA:4275,0
DA:4277,0
DA:4280,0
DA:4281,0
DA:4283,0
DA:4289,16
DA:4290,16
DA:4291,16
DA:4292,16
DA:4293,32
DA:4295,0
DA:4297,0
DA:4298,0
DA:4299,0
DA:4301,0
DA:4303,0
DA:4305,0
DA:4307,0
DA:4309,0
DA:4311,0
DA:4313,0
DA:4315,0
DA:4317,0
DA:4319,0
DA:4321,0
DA:4323,0
DA:4325,0
DA:4327,0
DA:4329,0
DA:4334,0
DA:4336,0
DA:4365,0
DA:4375,0
DA:4377,0
DA:4378,0
DA:4379,0
DA:4380,0
DA:4381,0
DA:4382,0
DA:4384,0
DA:4385,0
DA:4386,0
DA:4387,0
DA:4391,0
DA:4392,0
DA:4393,0
DA:4394,0
DA:4395,0
DA:4396,0
DA:4398,0
DA:4399,0
DA:4400,0
DA:4401,0
DA:4402,0
DA:4406,0
DA:4410,0
DA:4411,0
DA:4412,0
DA:4413,0
DA:4414,0
DA:4415,0
DA:4416,0
DA:4417,0
DA:4418,0
DA:4419,0
DA:4422,0
DA:4424,0
DA:4425,0
DA:4426,0
DA:4427,0
DA:4428,0
DA:4429,0
DA:4430,0
DA:4431,0
DA:4432,0
DA:4433,0
DA:4437,0
DA:4446,0
DA:4447,0
DA:4448,0
DA:4449,0
DA:4450,0
DA:4451,0
DA:4452,0
DA:4453,0
DA:4454,0
DA:4456,0
DA:4457,0
DA:4458,0
DA:4459,0
DA:4460,0
DA:4461,0
DA:4462,0
DA:4463,0
DA:4464,0
DA:4465,0
DA:4466,0
DA:4467,0
DA:4471,0
DA:4473,0
DA:4474,0
DA:4475,0
DA:4476,0
DA:4477,0
DA:4478,0
DA:4479,0
DA:4480,0
DA:4481,0
DA:4482,0
DA:4483,0
DA:4486,0
DA:4487,0
DA:4488,0
DA:4489,0
DA:4490,0
DA:4491,0
DA:4492,0
DA:4493,0
DA:4494,0
DA:4495,0
DA:4497,0
DA:4500,0
DA:4501,0
DA:4502,0
DA:4503,0
DA:4504,0
DA:4505,0
DA:4506,0
DA:4507,0
DA:4508,0
DA:4521,0
DA:4532,0
DA:4542,0
DA:4543,0
DA:4544,0
DA:4545,0
DA:4546,0
DA:4557,0
DA:4558,0
DA:4559,0
DA:4560,0
DA:4561,0
DA:4562,0
DA:4563,0
DA:4564,0
DA:4565,0
DA:4566,0
DA:4570,0
DA:4581,0
DA:4582,0
DA:4583,0
DA:4584,0
DA:4585,0
DA:4586,0
DA:4587,0
DA:4588,0
DA:4589,0
DA:4590,0
DA:4594,0
DA:4596,0
DA:4597,0
DA:4598,0
DA:4600,0
DA:4601,0
DA:4603,0
DA:4604,0
DA:4606,0
DA:4607,0
DA:4609,0
DA:4610,0
DA:4612,0
DA:4613,0
DA:4615,0
DA:4616,0
DA:4618,0
DA:4619,0
DA:4621,0
DA:4622,0
DA:4627,0
DA:4629,0
DA:4630,0
DA:4631,0
DA:4632,0
DA:4633,0
DA:4634,0
DA:4635,0
DA:4636,0
DA:4637,0
DA:4638,0
DA:4639,0
DA:4640,0
DA:4649,16
DA:4652,32
DA:4654,16
DA:4659,16
DA:4667,32
DA:4669,16
DA:4673,16
DA:4679,32
DA:4681,16
DA:4685,16
DA:4691,32
DA:4693,16
DA:4698,32
DA:4703,32
DA:4705,16
DA:4715,32
DA:4717,16
DA:4723,16
DA:4724,16
DA:4725,16
DA:4726,16
DA:4727,16
DA:4728,16
DA:4729,16
DA:4730,16
DA:4732,16
DA:4733,32
DA:4734,16
DA:4737,2
DA:4742,2
DA:4743,2
DA:4744,2
DA:4745,0
DA:4747,2
DA:4748,2
DA:4750,6
DA:4753,0
DA:4755,2
DA:4756,2
DA:4758,6
DA:4761,0
DA:4763,2
DA:4764,0
DA:4766,0
DA:4769,2
DA:4770,0
DA:4772,0
DA:4778,16
DA:4779,16
DA:4780,1
DA:4782,0
DA:4783,1
DA:4784,3
DA:4786,2
DA:4788,3
DA:4790,2
DA:4792,3
DA:4794,2
DA:4796,2
DA:4797,3
DA:4799,2
DA:4802,3
DA:4804,2
DA:4806,3
DA:4808,2
DA:4813,0
DA:4815,0
DA:4819,32
DA:4841,2
DA:4849,0
DA:4851,0
DA:4852,0
DA:4853,0
DA:4854,0
DA:4856,0
DA:4857,0
DA:4860,0
DA:4861,0
DA:4865,0
DA:4866,0
DA:4867,0
DA:4868,0
DA:4869,0
DA:4870,0
DA:4871,0
DA:4872,0
DA:4876,0
DA:4880,0
DA:4881,0
DA:4882,0
DA:4883,0
DA:4884,0
DA:4885,0
DA:4886,0
DA:4888,0
DA:4889,0
DA:4892,0
DA:4894,0
DA:4895,0
DA:4896,0
DA:4897,0
DA:4898,0
DA:4899,0
DA:4900,0
DA:4902,0
DA:4903,0
DA:4907,0
DA:4914,0
DA:4915,0
DA:4916,0
DA:4917,0
DA:4918,0
DA:4919,0
DA:4920,0
DA:4922,0
DA:4923,0
DA:4924,0
DA:4925,0
DA:4926,0
DA:4927,0
DA:4928,0
DA:4929,0
DA:4930,0
DA:4931,0
DA:4935,0
DA:4937,0
DA:4938,0
DA:4939,0
DA:4940,0
DA:4941,0
DA:4942,0
DA:4943,0
DA:4944,0
DA:4945,0
DA:4948,0
DA:4950,0
DA:4951,0
DA:4954,0
DA:4955,0
DA:4956,0
DA:4957,0
DA:4958,0
DA:4959,0
DA:4960,0
DA:4970,2
DA:4978,2
DA:4985,2
DA:4986,2
DA:4987,0
DA:4995,0
DA:4996,0
DA:4997,0
DA:4998,0
DA:4999,0
DA:5000,0
DA:5001,0
DA:5005,0
DA:5013,0
DA:5014,0
DA:5015,0
DA:5016,0
DA:5017,0
DA:5018,0
DA:5019,0
DA:5023,2
DA:5025,2
DA:5026,4
DA:5027,0
DA:5029,4
DA:5030,8
DA:5032,4
DA:5033,8
DA:5035,4
DA:5036,2
DA:5037,4
DA:5040,4
DA:5041,0
DA:5043,4
DA:5044,0
DA:5049,0
DA:5051,0
DA:5052,0
DA:5053,0
DA:5054,0
DA:5055,0
DA:5056,0
DA:5057,0
DA:5058,0
DA:5059,0
DA:5068,16
DA:5071,32
DA:5073,16
DA:5078,16
DA:5084,32
DA:5086,16
DA:5090,16
DA:5096,32
DA:5098,16
DA:5107,32
DA:5109,16
DA:5113,16
DA:5119,32
DA:5121,16
DA:5131,32
DA:5133,16
DA:5142,32
DA:5144,16
DA:5154,32
DA:5156,16
DA:5162,16
DA:5163,16
DA:5164,16
DA:5165,16
DA:5166,16
DA:5167,16
DA:5168,16
DA:5169,16
DA:5170,16
DA:5171,16
DA:5173,16
DA:5174,32
DA:5175,16
DA:5178,1
DA:5183,1
DA:5184,1
DA:5185,1
DA:5186,0
DA:5188,1
DA:5189,1
DA:5191,3
DA:5194,0
DA:5196,1
DA:5197,1
DA:5199,3
DA:5202,0
DA:5204,1
DA:5205,0
DA:5207,0
DA:5208,0
DA:5213,1
DA:5214,0
DA:5216,0
DA:5219,1
DA:5220,0
DA:5222,0
DA:5225,1
DA:5226,0
DA:5228,0
DA:5231,1
DA:5232,0
DA:5234,0
DA:5240,16
DA:5241,16
DA:5242,0
DA:5244,0
DA:5245,0
DA:5246,0
DA:5248,0
DA:5250,0
DA:5252,0
DA:5254,0
DA:5256,0
DA:5258,0
DA:5260,0
DA:5262,0
DA:5264,0
DA:5266,0
DA:5268,0
DA:5270,0
DA:5272,0
DA:5274,0
DA:5276,0
DA:5281,0
DA:5283,0
DA:5312,0
DA:5322,0
DA:5324,0
DA:5325,0
DA:5326,0
DA:5327,0
DA:5328,0
DA:5329,0
DA:5331,0
DA:5332,0
DA:5333,0
DA:5335,0
DA:5336,0
DA:5340,0
DA:5341,0
DA:5342,0
DA:5343,0
DA:5344,0
DA:5345,0
DA:5347,0
DA:5348,0
DA:5349,0
DA:5351,0
DA:5352,0
DA:5353,0
DA:5357,0
DA:5361,0
DA:5362,0
DA:5363,0
DA:5364,0
DA:5365,0
DA:5366,0
DA:5367,0
DA:5368,0
DA:5369,0
DA:5370,0
DA:5373,0
DA:5375,0
DA:5376,0
DA:5377,0
DA:5378,0
DA:5379,0
DA:5380,0
DA:5381,0
DA:5382,0
DA:5383,0
DA:5384,0
DA:5388,0
DA:5397,0
DA:5398,0
DA:5399,0
DA:5400,0
DA:5401,0
DA:5402,0
DA:5403,0
DA:5404,0
DA:5405,0
DA:5406,0
DA:5407,0
DA:5409,0
DA:5410,0
DA:5411,0
DA:5412,0
DA:5413,0
DA:5414,0
DA:5415,0
DA:5416,0
DA:5417,0
DA:5418,0
DA:5419,0
DA:5420,0
DA:5424,0
DA:5426,0
DA:5427,0
DA:5428,0
DA:5429,0
DA:5430,0
DA:5431,0
DA:5432,0
DA:5433,0
DA:5434,0
DA:5435,0
DA:5436,0
DA:5439,0
DA:5440,0
DA:5441,0
DA:5442,0
DA:5443,0
DA:5444,0
DA:5445,0
DA:5446,0
DA:5447,0
DA:5448,0
DA:5450,0
DA:5453,0
DA:5454,0
DA:5455,0
DA:5456,0
DA:5457,0
DA:5458,0
DA:5459,0
DA:5460,0
DA:5461,0
DA:5473,1
DA:5483,2
DA:5492,2
DA:5493,2
DA:5494,0
DA:5504,0
DA:5505,0
DA:5506,0
DA:5507,0
DA:5508,0
DA:5509,0
DA:5510,0
DA:5511,0
DA:5512,0
DA:5516,0
DA:5526,0
DA:5527,0
DA:5528,0
DA:5529,0
DA:5530,0
DA:5531,0
DA:5532,0
DA:5533,0
DA:5534,0
DA:5538,1
DA:5540,1
DA:5541,2
DA:5542,0
DA:5544,2
DA:5545,4
DA:5547,2
DA:5548,4
DA:5550,2
DA:5551,0
DA:5553,2
DA:5554,0
DA:5556,2
DA:5557,0
DA:5559,2
DA:5560,0
DA:5562,2
DA:5563,0
DA:5568,0
DA:5570,0
DA:5571,0
DA:5572,0
DA:5573,0
DA:5574,0
DA:5575,0
DA:5576,0
DA:5577,0
DA:5578,0
DA:5579,0
DA:5580,0
DA:5589,16
DA:5592,32
DA:5594,16
DA:5599,16
DA:5607,32
DA:5609,16
DA:5613,16
DA:5621,32
DA:5623,16
DA:5627,16
DA:5635,32
DA:5637,16
DA:5641,16
DA:5649,32
DA:5651,16
DA:5656,16
DA:5657,16
DA:5658,16
DA:5659,16
DA:5660,16
DA:5661,16
DA:5662,16
DA:5664,16
DA:5665,32
DA:5666,16
DA:5669,1
DA:5674,1
DA:5675,1
DA:5676,1
DA:5677,0
DA:5679,1
DA:5680,1
DA:5682,3
DA:5685,0
DA:5687,1
DA:5688,1
DA:5690,3
DA:5693,0
DA:5695,1
DA:5696,1
DA:5698,3
DA:5701,1
DA:5702,1
DA:5704,3
DA:5707,0
DA:5712,16
DA:5713,16
DA:5714,0
DA:5716,0
DA:5717,0
DA:5718,0
DA:5720,0
DA:5722,0
DA:5724,0
DA:5726,0
DA:5728,0
DA:5730,0
DA:5732,0
DA:5734,0
DA:5736,0
DA:5741,0
DA:5743,0
DA:5762,0
DA:5769,0
DA:5771,0
DA:5772,0
DA:5773,0
DA:5774,0
DA:5775,0
DA:5776,0
DA:5778,0
DA:5782,0
DA:5783,0
DA:5784,0
DA:5785,0
DA:5786,0
DA:5787,0
DA:5789,0
DA:5790,0
DA:5794,0
DA:5798,0
DA:5799,0
DA:5800,0
DA:5801,0
DA:5802,0
DA:5803,0
DA:5804,0
DA:5807,0
DA:5809,0
DA:5810,0
DA:5811,0
DA:5812,0
DA:5813,0
DA:5814,0
DA:5815,0
DA:5819,0
DA:5825,0
DA:5826,0
DA:5827,0
DA:5828,0
DA:5829,0
DA:5830,0
DA:5832,0
DA:5833,0
DA:5834,0
DA:5835,0
DA:5836,0
DA:5837,0
DA:5838,0
DA:5842,0
DA:5844,0
DA:5845,0
DA:5846,0
DA:5847,0
DA:5848,0
DA:5849,0
DA:5850,0
DA:5851,0
DA:5854,0
DA:5855,0
DA:5856,0
DA:5859,0
DA:5860,0
DA:5861,0
DA:5862,0
DA:5863,0
DA:5864,0
DA:5873,1
DA:5880,2
DA:5886,2
DA:5887,2
DA:5888,2
DA:5889,0
DA:5896,0
DA:5897,0
DA:5898,0
DA:5899,0
DA:5900,0
DA:5901,0
DA:5905,0
DA:5912,0
DA:5913,0
DA:5914,0
DA:5915,0
DA:5916,0
DA:5917,0
DA:5921,1
DA:5923,1
DA:5924,2
DA:5925,0
DA:5927,2
DA:5928,4
DA:5930,2
DA:5931,4
DA:5933,2
DA:5934,4
DA:5936,2
DA:5937,4
DA:5942,0
DA:5944,0
DA:5945,0
DA:5946,0
DA:5947,0
DA:5948,0
DA:5949,0
DA:5950,0
DA:5951,0
DA:5960,16
DA:5963,32
DA:5965,16
DA:5970,16
DA:5978,32
DA:5980,16
DA:5984,16
DA:5992,32
DA:5994,16
DA:5998,16
DA:6006,16
DA:6007,16
DA:6009,16
DA:6018,32
DA:6020,16
DA:6029,32
DA:6031,16
DA:6036,16
DA:6037,16
DA:6038,16
DA:6039,16
DA:6040,16
DA:6041,16
DA:6042,16
DA:6043,16
DA:6045,16
DA:6046,32
DA:6047,16
DA:6050,2
DA:6055,2
DA:6056,2
DA:6057,2
DA:6058,0
DA:6060,2
DA:6061,2
DA:6063,4
DA:6064,2
DA:6069,0
DA:6071,2
DA:6072,2
DA:6074,6
DA:6077,0
DA:6079,2
DA:6080,2
DA:6082,4
DA:6083,2
DA:6088,2
DA:6089,2
DA:6091,4
DA:6092,2
DA:6097,0
DA:6099,2
DA:6100,2
DA:6102,6
DA:6105,0
DA:6110,16
DA:6111,16
DA:6112,1
DA:6114,1
DA:6115,1
DA:6116,3
DA:6118,2
DA:6120,3
DA:6122,2
DA:6124,3
DA:6126,2
DA:6128,3
DA:6130,2
DA:6132,3
DA:6134,2
DA:6136,3
DA:6138,2
DA:6143,0
DA:6145,0
DA:6168,2
DA:6176,0
DA:6178,0
DA:6179,0
DA:6180,0
DA:6181,0
DA:6182,0
DA:6183,0
DA:6185,0
DA:6186,0
DA:6190,0
DA:6191,0
DA:6192,0
DA:6193,0
DA:6194,0
DA:6195,0
DA:6197,0
DA:6198,0
DA:6199,0
DA:6203,0
DA:6207,0
DA:6208,0
DA:6209,0
DA:6210,0
DA:6211,0
DA:6212,0
DA:6213,0
DA:6214,0
DA:6217,0
DA:6219,0
DA:6220,0
DA:6221,0
DA:6222,0
DA:6223,0
DA:6224,0
DA:6225,0
DA:6226,0
DA:6230,0
DA:6237,0
DA:6238,0
DA:6239,0
DA:6240,0
DA:6241,0
DA:6242,0
DA:6243,0
DA:6244,0
DA:6245,0
DA:6247,0
DA:6248,0
DA:6249,0
DA:6250,0
DA:6251,0
DA:6252,0
DA:6253,0
DA:6254,0
DA:6255,0
DA:6256,0
DA:6257,0
DA:6258,0
DA:6259,0
DA:6260,0
DA:6264,0
DA:6266,0
DA:6267,0
DA:6268,0
DA:6269,0
DA:6270,0
DA:6271,0
DA:6272,0
DA:6273,0
DA:6274,0
DA:6277,0
DA:6278,0
DA:6279,0
DA:6280,0
DA:6281,0
DA:6282,0
DA:6283,0
DA:6284,0
DA:6286,0
DA:6289,0
DA:6290,0
DA:6291,0
DA:6292,0
DA:6293,0
DA:6294,0
DA:6295,0
DA:6306,3
DA:6314,2
DA:6321,2
DA:6322,2
DA:6323,2
DA:6324,2
DA:6325,0
DA:6333,0
DA:6334,0
DA:6335,0
DA:6336,0
DA:6337,0
DA:6338,0
DA:6339,0
DA:6343,1
DA:6351,1
DA:6352,1
DA:6353,0
DA:6354,1
DA:6355,1
DA:6356,1
DA:6357,1
DA:6361,2
DA:6363,2
DA:6364,4
DA:6365,0
DA:6367,4
DA:6368,8
DA:6370,4
DA:6371,8
DA:6373,4
DA:6374,8
DA:6376,4
DA:6377,8
DA:6379,4
DA:6380,8
DA:6385,0
DA:6387,0
DA:6388,0
DA:6389,0
DA:6390,0
DA:6391,0
DA:6392,0
DA:6393,0
DA:6394,0
DA:6395,0
DA:6403,17
DA:6406,34
DA:6408,17
DA:6413,17
DA:6421,34
DA:6423,17
DA:6427,17
DA:6435,34
DA:6437,17
DA:6441,17
DA:6443,17
DA:6444,68
DA:6445,17
DA:6446,34
DA:6447,17
DA:6450,0
DA:6455,0
DA:6456,0
DA:6457,0
DA:6458,0
DA:6460,0
DA:6461,0
DA:6463,0
DA:6464,0
DA:6469,0
DA:6471,0
DA:6472,0
DA:6474,0
DA:6475,0
DA:6480,0
DA:6485,16
DA:6486,16
DA:6487,0
DA:6489,0
DA:6490,0
DA:6491,0
DA:6493,0
DA:6495,0
DA:6497,0
DA:6499,0
DA:6501,0
DA:6506,0
DA:6508,0
DA:6521,0
DA:6526,0
DA:6528,0
DA:6529,0
DA:6530,0
DA:6531,0
DA:6535,0
DA:6536,0
DA:6537,0
DA:6538,0
DA:6539,0
DA:6543,0
DA:6547,0
DA:6548,0
DA:6549,0
DA:6550,0
DA:6551,0
DA:6554,0
DA:6556,0
DA:6557,0
DA:6558,0
DA:6559,0
DA:6560,0
DA:6564,0
DA:6565,0
DA:6566,0
DA:6567,0
DA:6568,0
DA:6570,0
DA:6571,0
DA:6572,0
DA:6573,0
DA:6574,0
DA:6575,0
DA:6576,0
DA:6577,0
DA:6578,0
DA:6582,0
DA:6584,0
DA:6585,0
DA:6586,0
DA:6587,0
DA:6588,0
DA:6589,0
DA:6592,0
DA:6593,0
DA:6594,0
DA:6597,0
DA:6598,0
DA:6599,0
DA:6600,0
DA:6607,0
DA:6612,0
DA:6616,0
DA:6617,0
DA:6618,0
DA:6623,0
DA:6624,0
DA:6625,0
DA:6626,0
DA:6630,0
DA:6635,0
DA:6636,0
DA:6637,0
DA:6638,0
DA:6642,0
DA:6644,0
DA:6645,0
DA:6646,0
DA:6648,0
DA:6649,0
DA:6651,0
DA:6652,0
DA:6657,0
DA:6659,0
DA:6660,0
DA:6661,0
DA:6662,0
DA:6663,0
DA:6664,0
DA:6673,17
DA:6676,34
DA:6678,17
DA:6683,17
DA:6689,34
DA:6691,17
DA:6693,17
DA:6700,17
DA:6701,51
DA:6702,17
DA:6703,34
DA:6704,17
DA:6707,4
DA:6712,4
DA:6713,4
DA:6714,4
DA:6715,0
DA:6717,4
DA:6718,4
DA:6720,12
DA:6723,0
DA:6728,16
DA:6729,16
DA:6730,0
DA:6732,0
DA:6733,0
DA:6734,0
DA:6736,0
DA:6738,0
DA:6740,0
DA:6745,0
DA:6747,0
DA:6754,0
DA:6755,0
DA:6757,0
DA:6758,0
DA:6759,0
DA:6763,0
DA:6764,0
DA:6767,0
DA:6771,0
DA:6772,0
DA:6773,0
DA:6774,0
DA:6777,0
DA:6779,0
DA:6780,0
DA:6781,0
DA:6782,0
DA:6786,0
DA:6787,0
DA:6788,0
DA:6789,0
DA:6790,0
DA:6791,0
DA:6795,0
DA:6797,0
DA:6798,0
DA:6799,0
DA:6800,0
DA:6801,0
DA:6804,0
DA:6805,0
DA:6806,0
DA:6809,0
DA:6815,0
DA:6819,4
DA:6822,4
DA:6823,0
DA:6827,0
DA:6828,0
DA:6829,0
DA:6833,0
DA:6834,0
DA:6837,4
DA:6839,4
DA:6840,8
DA:6841,0
DA:6843,8
DA:6844,16
DA:6849,0
DA:6851,0
DA:6852,0
DA:6853,0
DA:6854,0
DA:6855,0
DA:6864,16
DA:6867,32
DA:6869,16
DA:6874,16
DA:6882,32
DA:6884,16
DA:6888,16
DA:6894,32
DA:6896,16
DA:6900,16
DA:6908,32
DA:6910,16
DA:6919,32
DA:6921,16
DA:6928,32
DA:6930,16
DA:6940,32
DA:6942,16
DA:6951,32
DA:6953,16
DA:6963,32
DA:6965,16
DA:6971,16
DA:6972,16
DA:6973,16
DA:6974,16
DA:6975,16
DA:6976,16
DA:6977,16
DA:6978,16
DA:6979,16
DA:6980,16
DA:6981,16
DA:6983,16
DA:6984,32
DA:6985,16
DA:6988,4
DA:6993,4
DA:6994,4
DA:6995,4
DA:6996,0
DA:6998,4
DA:6999,4
DA:7001,12
DA:7004,0
DA:7006,4
DA:7007,4
DA:7009,12
DA:7012,0
DA:7014,4
DA:7015,4
DA:7017,8
DA:7018,4
DA:7023,0
DA:7025,4
DA:7026,4
DA:7028,8
DA:7029,4
DA:7034,0
DA:7036,4
DA:7037,2
DA:7039,6
DA:7042,4
DA:7043,1
DA:7045,3
DA:7048,4
DA:7049,0
DA:7051,0
DA:7054,4
DA:7055,1
DA:7057,3
DA:7063,16
DA:7064,16
DA:7065,3
DA:7067,0
DA:7068,3
DA:7069,9
DA:7071,6
DA:7073,9
DA:7075,6
DA:7077,9
DA:7079,6
DA:7081,9
DA:7083,6
DA:7085,9
DA:7087,6
DA:7089,9
DA:7091,6
DA:7093,9
DA:7095,6
DA:7097,9
DA:7099,6
DA:7101,9
DA:7103,6
DA:7108,0
DA:7110,0
DA:7142,4
DA:7153,0
DA:7155,0
DA:7156,0
DA:7157,0
DA:7158,0
DA:7159,0
DA:7160,0
DA:7161,0
DA:7162,0
DA:7163,0
DA:7165,0
DA:7166,0
DA:7170,0
DA:7171,0
DA:7172,0
DA:7173,0
DA:7174,0
DA:7175,0
DA:7176,0
DA:7177,0
DA:7178,0
DA:7180,0
DA:7181,0
DA:7182,0
DA:7186,0
DA:7190,0
DA:7191,0
DA:7192,0
DA:7193,0
DA:7194,0
DA:7195,0
DA:7196,0
DA:7197,0
DA:7198,0
DA:7199,0
DA:7200,0
DA:7203,0
DA:7205,0
DA:7206,0
DA:7207,0
DA:7208,0
DA:7209,0
DA:7210,0
DA:7211,0
DA:7212,0
DA:7213,0
DA:7214,0
DA:7215,0
DA:7219,0
DA:7229,0
DA:7230,0
DA:7231,0
DA:7232,0
DA:7233,0
DA:7234,0
DA:7235,0
DA:7236,0
DA:7237,0
DA:7238,0
DA:7240,0
DA:7241,0
DA:7242,0
DA:7243,0
DA:7244,0
DA:7245,0
DA:7246,0
DA:7247,0
DA:7248,0
DA:7249,0
DA:7250,0
DA:7251,0
DA:7252,0
DA:7253,0
DA:7254,0
DA:7255,0
DA:7256,0
DA:7260,0
DA:7262,0
DA:7263,0
DA:7264,0
DA:7265,0
DA:7266,0
DA:7267,0
DA:7268,0
DA:7269,0
DA:7270,0
DA:7271,0
DA:7272,0
DA:7273,0
DA:7276,0
DA:7277,0
DA:7278,0
DA:7279,0
DA:7280,0
DA:7281,0
DA:7282,0
DA:7283,0
DA:7284,0
DA:7285,0
DA:7286,0
DA:7288,0
DA:7291,0
DA:7292,0
DA:7293,0
DA:7294,0
DA:7295,0
DA:7296,0
DA:7297,0
DA:7298,0
DA:7299,0
DA:7300,0
DA:7313,3
DA:7324,4
DA:7334,4
DA:7335,4
DA:7336,4
DA:7337,4
DA:7338,0
DA:7349,0
DA:7350,0
DA:7351,0
DA:7352,0
DA:7353,0
DA:7354,0
DA:7355,0
DA:7356,0
DA:7357,0
DA:7358,0
DA:7362,0
DA:7373,0
DA:7374,0
DA:7375,0
DA:7376,0
DA:7377,0
DA:7378,0
DA:7379,0
DA:7380,0
DA:7381,0
DA:7382,0
DA:7386,4
DA:7388,4
DA:7389,8
DA:7390,0
DA:7392,8
DA:7393,16
DA:7395,8
DA:7396,16
DA:7398,8
DA:7399,16
DA:7401,8
DA:7402,16
DA:7404,8
DA:7405,8
DA:7407,8
DA:7408,4
DA:7410,8
DA:7411,0
DA:7413,8
DA:7414,4
DA:7419,0
DA:7421,0
DA:7422,0
DA:7423,0
DA:7424,0
DA:7425,0
DA:7426,0
DA:7427,0
DA:7428,0
DA:7429,0
DA:7430,0
DA:7431,0
DA:7432,0
DA:7441,16
DA:7444,32
DA:7446,16
DA:7451,16
DA:7458,32
DA:7460,16
DA:7464,16
DA:7472,32
DA:7474,16
DA:7478,16
DA:7486,32
DA:7488,16
DA:7492,16
DA:7500,32
DA:7502,16
DA:7511,32
DA:7513,16
DA:7518,16
DA:7519,16
DA:7520,16
DA:7521,16
DA:7522,16
DA:7523,16
DA:7524,16
DA:7525,16
DA:7527,16
DA:7528,32
DA:7529,16
DA:7532,3
DA:7537,3
DA:7538,3
DA:7539,3
DA:7540,0
DA:7542,3
DA:7543,3
DA:7545,6
DA:7546,3
DA:7551,0
DA:7553,3
DA:7554,3
DA:7556,9
DA:7559,0
DA:7561,3
DA:7562,1
DA:7564,3
DA:7567,3
DA:7568,3
DA:7570,6
DA:7571,3
DA:7576,0
DA:7578,3
DA:7579,3
DA:7581,9
DA:7584,0
DA:7589,16
DA:7590,16
DA:7591,2
DA:7596,0
DA:7597,2
DA:7598,6
DA:7600,4
DA:7602,6
DA:7604,4
DA:7606,6
DA:7608,4
DA:7610,6
DA:7612,4
DA:7614,6
DA:7616,4
DA:7618,6
DA:7620,4
DA:7625,0
DA:7627,0
DA:7639,3
DA:7647,0
DA:7649,0
DA:7650,0
DA:7651,0
DA:7652,0
DA:7653,0
DA:7654,0
DA:7656,0
DA:7657,0
DA:7661,0
DA:7662,0
DA:7663,0
DA:7664,0
DA:7665,0
DA:7666,0
DA:7668,0
DA:7669,0
DA:7670,0
DA:7674,0
DA:7678,0
DA:7679,0
DA:7680,0
DA:7681,0
DA:7682,0
DA:7683,0
DA:7684,0
DA:7685,0
DA:7688,0
DA:7690,0
DA:7691,0
DA:7692,0
DA:7693,0
DA:7694,0
DA:7695,0
DA:7696,0
DA:7697,0
DA:7701,0
DA:7708,0
DA:7709,0
DA:7710,0
DA:7711,0
DA:7712,0
DA:7713,0
DA:7714,0
DA:7716,0
DA:7719,0
DA:7720,0
DA:7721,0
DA:7722,0
DA:7723,0
DA:7724,0
DA:7725,0
DA:7726,0
DA:7727,0
DA:7728,0
DA:7729,0
DA:7733,0
DA:7735,0
DA:7736,0
DA:7737,0
DA:7738,0
DA:7739,0
DA:7740,0
DA:7741,0
DA:7742,0
DA:7743,0
DA:7746,0
DA:7747,0
DA:7748,0
DA:7749,0
DA:7750,0
DA:7751,0
DA:7752,0
DA:7753,0
DA:7755,0
DA:7758,0
DA:7759,0
DA:7760,0
DA:7761,0
DA:7762,0
DA:7763,0
DA:7764,0
DA:7775,3
DA:7783,2
DA:7790,2
DA:7791,2
DA:7792,2
DA:7793,2
DA:7794,0
DA:7802,0
DA:7803,0
DA:7805,0
DA:7806,0
DA:7807,0
DA:7808,0
DA:7809,0
DA:7813,0
DA:7821,0
DA:7822,0
DA:7823,0
DA:7824,0
DA:7825,0
DA:7826,0
DA:7827,0
DA:7831,3
DA:7833,3
DA:7834,6
DA:7835,0
DA:7837,6
DA:7838,12
DA:7840,6
DA:7841,12
DA:7843,6
DA:7844,4
DA:7846,6
DA:7847,12
DA:7849,6
DA:7850,12
DA:7855,0
DA:7857,0
DA:7858,0
DA:7859,0
DA:7860,0
DA:7861,0
DA:7862,0
DA:7863,0
DA:7864,0
DA:7865,0
DA:7874,16
DA:7877,32
DA:7879,16
DA:7884,16
DA:7890,32
DA:7892,16
DA:7896,16
DA:7902,32
DA:7904,16
DA:7912,32
DA:7914,16
DA:7918,16
DA:7926,32
DA:7928,16
DA:7934,16
DA:7935,16
DA:7936,16
DA:7937,16
DA:7938,16
DA:7939,16
DA:7940,16
DA:7942,16
DA:7943,32
DA:7944,16
DA:7947,3
DA:7952,3
DA:7953,3
DA:7954,3
DA:7955,0
DA:7957,3
DA:7958,3
DA:7960,9
DA:7963,0
DA:7965,3
DA:7966,3
DA:7968,9
DA:7971,0
DA:7973,3
DA:7974,1
DA:7976,2
DA:7977,1
DA:7982,3
DA:7983,2
DA:7985,6
DA:7991,16
DA:7992,16
DA:7993,1
DA:7995,0
DA:7996,1
DA:7997,3
DA:7999,2
DA:8001,3
DA:8003,2
DA:8005,3
DA:8007,2
DA:8009,3
DA:8011,2
DA:8013,3
DA:8015,2
DA:8020,0
DA:8022,0
DA:8042,1
DA:8049,0
DA:8051,0
DA:8052,0
DA:8053,0
DA:8054,0
DA:8055,0
DA:8056,0
DA:8058,0
DA:8062,0
DA:8063,0
DA:8064,0
DA:8065,0
DA:8066,0
DA:8067,0
DA:8069,0
DA:8070,0
DA:8074,0
DA:8078,0
DA:8079,0
DA:8080,0
DA:8081,0
DA:8082,0
DA:8083,0
DA:8084,0
DA:8087,0
DA:8089,0
DA:8090,0
DA:8091,0
DA:8092,0
DA:8093,0
DA:8094,0
DA:8095,0
DA:8099,0
DA:8105,0
DA:8106,0
DA:8107,0
DA:8108,0
DA:8109,0
DA:8110,0
DA:8111,0
DA:8112,0
DA:8114,0
DA:8115,0
DA:8116,0
DA:8117,0
DA:8118,0
DA:8119,0
DA:8120,0
DA:8121,0
DA:8122,0
DA:8126,0
DA:8128,0
DA:8129,0
DA:8130,0
DA:8131,0
DA:8132,0
DA:8133,0
DA:8134,0
DA:8135,0
DA:8138,0
DA:8140,0
DA:8141,0
DA:8144,0
DA:8145,0
DA:8146,0
DA:8147,0
DA:8148,0
DA:8149,0
DA:8158,1
DA:8165,2
DA:8171,2
DA:8172,2
DA:8173,0
DA:8180,0
DA:8181,0
DA:8182,0
DA:8183,0
DA:8185,0
DA:8186,0
DA:8190,0
DA:8197,0
DA:8198,0
DA:8199,0
DA:8200,0
DA:8201,0
DA:8202,0
DA:8206,3
DA:8208,3
DA:8209,6
DA:8210,0
DA:8212,6
DA:8213,12
DA:8215,6
DA:8216,12
DA:8218,6
DA:8219,4
DA:8221,6
DA:8222,8
DA:8227,0
DA:8229,0
DA:8230,0
DA:8231,0
DA:8232,0
DA:8233,0
DA:8234,0
DA:8235,0
DA:8236,0
DA:8245,16
DA:8248,32
DA:8250,16
DA:8255,16
DA:8263,32
DA:8265,16
DA:8269,16
DA:8277,32
DA:8279,16
DA:8283,16
DA:8291,32
DA:8293,16
DA:8297,16
DA:8305,32
DA:8307,16
DA:8312,16
DA:8313,16
DA:8314,16
DA:8315,16
DA:8316,16
DA:8317,16
DA:8318,16
DA:8320,16
DA:8321,32
DA:8322,16
DA:8325,3
DA:8330,3
DA:8331,3
DA:8332,3
DA:8333,0
DA:8335,3
DA:8336,3
DA:8338,9
DA:8341,0
DA:8343,3
DA:8344,3
DA:8346,9
DA:8349,0
DA:8351,3
DA:8352,1
DA:8354,3
DA:8357,3
DA:8358,3
DA:8360,9
DA:8363,0
DA:8368,16
DA:8369,16
DA:8370,3
DA:8372,0
DA:8373,3
DA:8374,9
DA:8376,6
DA:8378,9
DA:8380,6
DA:8382,9
DA:8384,6
DA:8386,9
DA:8388,6
DA:8390,9
DA:8392,6
DA:8397,0
DA:8399,0
DA:8419,3
DA:8426,0
DA:8428,0
DA:8429,0
DA:8430,0
DA:8431,0
DA:8432,0
DA:8433,0
DA:8435,0
DA:8439,0
DA:8440,0
DA:8441,0
DA:8442,0
DA:8443,0
DA:8444,0
DA:8446,0
DA:8447,0
DA:8451,0
DA:8455,0
DA:8456,0
DA:8457,0
DA:8458,0
DA:8459,0
DA:8460,0
DA:8461,0
DA:8464,0
DA:8466,0
DA:8467,0
DA:8468,0
DA:8469,0
DA:8470,0
DA:8471,0
DA:8472,0
DA:8476,0
DA:8482,0
DA:8483,0
DA:8484,0
DA:8485,0
DA:8486,0
DA:8487,0
DA:8489,0
DA:8490,0
DA:8491,0
DA:8492,0
DA:8493,0
DA:8494,0
DA:8495,0
DA:8499,0
DA:8501,0
DA:8502,0
DA:8503,0
DA:8504,0
DA:8505,0
DA:8506,0
DA:8507,0
DA:8508,0
DA:8511,0
DA:8512,0
DA:8513,0
DA:8516,0
DA:8517,0
DA:8518,0
DA:8519,0
DA:8520,0
DA:8521,0
DA:8530,1
DA:8537,2
DA:8543,2
DA:8544,2
DA:8545,2
DA:8546,0
DA:8553,0
DA:8554,0
DA:8555,0
DA:8556,0
DA:8557,0
DA:8558,0
DA:8562,0
DA:8569,0
DA:8570,0
DA:8571,0
DA:8572,0
DA:8573,0
DA:8574,0
DA:8578,3
DA:8580,3
DA:8581,6
DA:8582,0
DA:8584,6
DA:8585,12
DA:8587,6
DA:8588,12
DA:8590,6
DA:8591,4
DA:8593,6
DA:8594,12
DA:8599,0
DA:8601,0
DA:8602,0
DA:8603,0
DA:8604,0
DA:8605,0
DA:8606,0
DA:8607,0
DA:8608,0
DA:8613,38
DA:8614,0
DA:8615,32
DA:8616,34
DA:8617,32
DA:8618,32
DA:8619,32
DA:8620,32
DA:8621,32
DA:8622,32
DA:8623,16
DA:8624,16
DA:8625,32
DA:8626,32
DA:8627,32
DA:8628,32
DA:8629,16
DA:8630,16
DA:8631,34
DA:8632,34
DA:8633,32
DA:8636,16
DA:8637,16
DA:8638,32
DA:8641,32
DA:8642,2
DA:8645,2
DA:8649,2
DA:8651,2
DA:8661,2
DA:8662,2
DA:8664,8
DA:8667,2
DA:8668,2
DA:8669,4
DA:8672,2
DA:8675,0
DA:8677,0
DA:8678,16
DA:8679,16
DA:8680,16
DA:8681,16
DA:8682,16
DA:8683,16
DA:8684,16
DA:8685,16
DA:8686,16
DA:8687,16
DA:8688,16
DA:8689,16
DA:8690,16
DA:8691,16
DA:8692,16
DA:8693,16
DA:8694,16
DA:8695,16
DA:8696,16
DA:8697,16
DA:8698,16
DA:8699,16
DA:8701,16
DA:8734,0
DA:8736,0
DA:8737,0
DA:8738,0
DA:8739,0
DA:8742,0
DA:8743,0
DA:8744,0
DA:8745,0
DA:8746,0
DA:8748,0
DA:8749,0
DA:8750,0
DA:8754,0
DA:8755,0
DA:8756,0
DA:8757,0
DA:8760,0
DA:8761,0
DA:8762,0
DA:8763,0
DA:8764,0
DA:8766,0
DA:8767,0
DA:8768,0
DA:8774,0
DA:8781,0
DA:8782,0
DA:8783,0
DA:8786,0
DA:8787,0
DA:8788,0
DA:8791,0
DA:8794,0
DA:8796,0
DA:8797,0
DA:8798,0
DA:8800,0
DA:8804,0
DA:8805,0
DA:8806,0
DA:8813,0
DA:8816,0
DA:8819,0
DA:8821,0
DA:8822,0
DA:8823,0
DA:8825,0
DA:8829,0
DA:8830,0
DA:8831,0
DA:8838,0
DA:8843,0
DA:8850,0
DA:8851,0
DA:8852,0
DA:8855,0
DA:8856,0
DA:8857,0
DA:8863,0
DA:8870,0
DA:8871,0
DA:8873,0
DA:8874,0
DA:8876,0
DA:8879,0
DA:8881,0
DA:8882,0
DA:8883,0
DA:8885,0
DA:8889,0
DA:8890,0
DA:8891,0
DA:8898,0
DA:8901,0
DA:8904,0
DA:8906,0
DA:8907,0
DA:8908,0
DA:8910,0
DA:8914,0
DA:8915,0
DA:8916,0
DA:8923,0
DA:8942,0
DA:8943,0
DA:8944,0
DA:8947,0
DA:8948,0
DA:8949,0
DA:8950,0
DA:8951,0
DA:8952,0
DA:8954,0
DA:8957,0
DA:8959,0
DA:8960,0
DA:8961,0
DA:8962,0
DA:8963,0
DA:8964,0
DA:8966,0
DA:8968,0
DA:8969,0
DA:8971,0
DA:8972,0
DA:8973,0
DA:8976,0
DA:8977,0
DA:8979,0
DA:8986,0
DA:8987,0
DA:8988,0
DA:8990,0
DA:8991,0
DA:8996,0
DA:9003,0
DA:9004,0
DA:9008,0
DA:9010,0
DA:9011,0
DA:9052,0
DA:9054,0
DA:9055,0
DA:9056,0
DA:9057,0
DA:9060,0
DA:9061,0
DA:9062,0
DA:9063,0
DA:9064,0
DA:9066,0
DA:9067,0
DA:9068,0
DA:9075,0
DA:9082,0
DA:9083,0
DA:9084,0
DA:9087,0
DA:9088,0
DA:9089,0
DA:9092,0
DA:9093,0
DA:9094,0
DA:9097,0
DA:9100,0
DA:9102,0
DA:9103,0
DA:9104,0
DA:9106,0
DA:9110,0
DA:9111,0
DA:9112,0
DA:9119,0
DA:9125,0
DA:9132,0
DA:9133,0
DA:9134,0
DA:9137,0
DA:9138,0
DA:9139,0
DA:9142,0
DA:9143,0
DA:9144,0
DA:9150,0
DA:9157,0
DA:9158,0
DA:9160,0
DA:9161,0
DA:9163,0
DA:9164,0
DA:9166,0
DA:9169,0
DA:9171,0
DA:9172,0
DA:9173,0
DA:9175,0
DA:9179,0
DA:9180,0
DA:9181,0
DA:9188,0
DA:9207,0
DA:9208,0
DA:9209,0
DA:9212,0
DA:9213,0
DA:9214,0
DA:9215,0
DA:9216,0
DA:9217,0
DA:9219,0
DA:9223,0
DA:9225,0
DA:9229,0
DA:9234,0
DA:9235,0
DA:9236,0
DA:9237,0
DA:9238,0
DA:9241,0
DA:9242,0
DA:9243,0
DA:9245,0
DA:9247,0
DA:9248,0
DA:9250,0
DA:9257,0
DA:9258,0
DA:9259,0
DA:9260,0
DA:9261,0
DA:9331,0
DA:9333,0
DA:9334,0
DA:9337,0
DA:9338,0
DA:9340,0
DA:9341,0
DA:9342,0
DA:9343,0
DA:9344,0
DA:9346,0
DA:9347,0
DA:9351,0
DA:9352,0
DA:9354,0
DA:9355,0
DA:9357,0
DA:9358,0
DA:9359,0
DA:9360,0
DA:9361,0
DA:9363,0
DA:9364,0
DA:9368,0
DA:9369,0
DA:9370,0
DA:9371,0
DA:9374,0
DA:9375,0
DA:9376,0
DA:9377,0
DA:9378,0
DA:9380,0
DA:9381,0
DA:9382,0
DA:9386,0
DA:9387,0
DA:9388,0
DA:9389,0
DA:9392,0
DA:9393,0
DA:9394,0
DA:9395,0
DA:9396,0
DA:9398,0
DA:9399,0
DA:9400,0
DA:9404,0
DA:9406,0
DA:9407,0
DA:9408,0
DA:9411,0
DA:9412,0
DA:9413,0
DA:9414,0
DA:9415,0
DA:9417,0
DA:9418,0
DA:9419,0
DA:9423,0
DA:9428,0
DA:9429,0
DA:9430,0
DA:9431,0
DA:9432,0
DA:9436,0
DA:9438,0
DA:9439,0
DA:9440,0
DA:9441,0
DA:9443,0
DA:9444,0
DA:9446,0
DA:9447,0
DA:9451,0
DA:9452,0
DA:9453,0
DA:9454,0
DA:9457,0
DA:9458,0
DA:9459,0
DA:9460,0
DA:9461,0
DA:9463,0
DA:9464,0
DA:9465,0
DA:9469,0
DA:9474,0
DA:9475,0
DA:9476,0
DA:9477,0
DA:9478,0
DA:9482,0
DA:9483,0
DA:9484,0
DA:9485,0
DA:9486,0
DA:9488,0
DA:9489,0
DA:9491,0
DA:9492,0
DA:9496,0
DA:9501,0
DA:9502,0
DA:9503,0
DA:9504,0
DA:9505,0
DA:9509,0
DA:9511,0
DA:9512,0
DA:9513,0
DA:9514,0
DA:9516,0
DA:9517,0
DA:9519,0
DA:9520,0
DA:9524,0
DA:9525,0
DA:9526,0
DA:9527,0
DA:9530,0
DA:9531,0
DA:9532,0
DA:9533,0
DA:9534,0
DA:9536,0
DA:9537,0
DA:9538,0
DA:9545,0
DA:9552,0
DA:9553,0
DA:9554,0
DA:9557,0
DA:9558,0
DA:9559,0
DA:9562,0
DA:9563,0
DA:9564,0
DA:9567,0
DA:9568,0
DA:9569,0
DA:9572,0
DA:9573,0
DA:9574,0
DA:9577,0
DA:9578,0
DA:9579,0
DA:9582,0
DA:9583,0
DA:9584,0
DA:9585,0
DA:9588,0
DA:9589,0
DA:9590,0
DA:9591,0
DA:9594,0
DA:9595,0
DA:9596,0
DA:9597,0
DA:9600,0
DA:9601,0
DA:9602,0
DA:9605,0
DA:9606,0
DA:9607,0
DA:9610,0
DA:9611,0
DA:9612,0
DA:9613,0
DA:9616,0
DA:9617,0
DA:9618,0
DA:9621,0
DA:9622,0
DA:9623,0
DA:9624,0
DA:9627,0
DA:9628,0
DA:9629,0
DA:9632,0
DA:9633,0
DA:9634,0
DA:9637,0
DA:9638,0
DA:9640,0
DA:9641,0
DA:9642,0
DA:9644,0
DA:9648,0
DA:9649,0
DA:9650,0
DA:9660,0
DA:9661,0
DA:9663,0
DA:9664,0
DA:9665,0
DA:9667,0
DA:9671,0
DA:9672,0
DA:9673,0
DA:9683,0
DA:9686,0
DA:9688,0
DA:9689,0
DA:9690,0
DA:9692,0
DA:9696,0
DA:9697,0
DA:9698,0
DA:9705,0
DA:9708,0
DA:9711,0
DA:9713,0
DA:9714,0
DA:9715,0
DA:9717,0
DA:9721,0
DA:9722,0
DA:9723,0
DA:9730,0
DA:9733,0
DA:9736,0
DA:9738,0
DA:9739,0
DA:9740,0
DA:9742,0
DA:9746,0
DA:9747,0
DA:9748,0
DA:9755,0
DA:9758,0
DA:9761,0
DA:9763,0
DA:9764,0
DA:9765,0
DA:9767,0
DA:9771,0
DA:9772,0
DA:9773,0
DA:9780,0
DA:9783,0
DA:9786,0
DA:9788,0
DA:9789,0
DA:9790,0
DA:9792,0
DA:9796,0
DA:9797,0
DA:9798,0
DA:9805,0
DA:9808,0
DA:9811,0
DA:9813,0
DA:9814,0
DA:9815,0
DA:9817,0
DA:9821,0
DA:9822,0
DA:9823,0
DA:9830,0
DA:9833,0
DA:9836,0
DA:9838,0
DA:9839,0
DA:9840,0
DA:9842,0
DA:9846,0
DA:9847,0
DA:9848,0
DA:9855,0
DA:9858,0
DA:9861,0
DA:9863,0
DA:9864,0
DA:9865,0
DA:9867,0
DA:9871,0
DA:9872,0
DA:9873,0
DA:9880,0
DA:9886,0
DA:9893,0
DA:9894,0
DA:9895,0
DA:9898,0
DA:9899,0
DA:9900,0
DA:9903,0
DA:9904,0
DA:9905,0
DA:9908,0
DA:9909,0
DA:9910,0
DA:9913,0
DA:9914,0
DA:9915,0
DA:9918,0
DA:9919,0
DA:9920,0
DA:9923,0
DA:9924,0
DA:9925,0
DA:9928,0
DA:9929,0
DA:9930,0
DA:9933,0
DA:9934,0
DA:9935,0
DA:9938,0
DA:9939,0
DA:9940,0
DA:9943,0
DA:9944,0
DA:9945,0
DA:9948,0
DA:9949,0
DA:9950,0
DA:9953,0
DA:9954,0
DA:9955,0
DA:9958,0
DA:9959,0
DA:9960,0
DA:9963,0
DA:9964,0
DA:9965,0
DA:9968,0
DA:9969,0
DA:9970,0
DA:9973,0
DA:9974,0
DA:9976,0
DA:9977,0
DA:9978,0
DA:9980,0
DA:9984,0
DA:9985,0
DA:9986,0
DA:9996,0
DA:9997,0
DA:9999,0
DA:10000,0
DA:10001,0
DA:10003,0
DA:10007,0
DA:10008,0
DA:10009,0
DA:10022,0
DA:10029,0
DA:10030,0
DA:10032,0
DA:10033,0
DA:10035,0
DA:10036,0
DA:10038,0
DA:10039,0
DA:10041,0
DA:10042,0
DA:10043,0
DA:10046,0
DA:10047,0
DA:10049,0
DA:10050,0
DA:10051,0
DA:10052,0
DA:10055,0
DA:10056,0
DA:10057,0
DA:10058,0
DA:10061,0
DA:10062,0
DA:10063,0
DA:10064,0
DA:10067,0
DA:10068,0
DA:10069,0
DA:10072,0
DA:10073,0
DA:10075,0
DA:10076,0
DA:10077,0
DA:10078,0
DA:10081,0
DA:10082,0
DA:10083,0
DA:10086,0
DA:10087,0
DA:10089,0
DA:10090,0
DA:10092,0
DA:10093,0
DA:10094,0
DA:10097,0
DA:10098,0
DA:10100,0
DA:10101,0
DA:10102,0
DA:10104,0
DA:10108,0
DA:10109,0
DA:10110,0
DA:10120,0
DA:10121,0
DA:10123,0
DA:10124,0
DA:10125,0
DA:10127,0
DA:10131,0
DA:10132,0
DA:10133,0
DA:10143,0
DA:10146,0
DA:10148,0
DA:10149,0
DA:10150,0
DA:10152,0
DA:10156,0
DA:10157,0
DA:10158,0
DA:10165,0
DA:10168,0
DA:10171,0
DA:10173,0
DA:10174,0
DA:10175,0
DA:10177,0
DA:10181,0
DA:10182,0
DA:10183,0
DA:10190,0
DA:10193,0
DA:10196,0
DA:10198,0
DA:10199,0
DA:10200,0
DA:10202,0
DA:10206,0
DA:10207,0
DA:10208,0
DA:10215,0
DA:10218,0
DA:10222,0
DA:10224,0
DA:10225,0
DA:10226,0
DA:10228,0
DA:10232,0
DA:10233,0
DA:10234,0
DA:10241,0
DA:10244,0
DA:10247,0
DA:10249,0
DA:10250,0
DA:10251,0
DA:10253,0
DA:10257,0
DA:10258,0
DA:10259,0
DA:10266,0
DA:10269,0
DA:10273,0
DA:10275,0
DA:10276,0
DA:10277,0
DA:10279,0
DA:10283,0
DA:10284,0
DA:10285,0
DA:10292,0
DA:10295,0
DA:10299,0
DA:10301,0
DA:10302,0
DA:10303,0
DA:10305,0
DA:10309,0
DA:10310,0
DA:10311,0
DA:10318,0
DA:10321,0
DA:10324,0
DA:10326,0
DA:10327,0
DA:10328,0
DA:10330,0
DA:10334,0
DA:10335,0
DA:10336,0
DA:10343,0
DA:10373,0
DA:10374,0
DA:10375,0
DA:10378,0
DA:10379,0
DA:10380,0
DA:10381,0
DA:10382,0
DA:10383,0
DA:10385,0
DA:10404,0
DA:10425,0
DA:10444,0
DA:10464,0
DA:10465,0
DA:10466,0
DA:10467,0
DA:10468,0
DA:10471,0
DA:10473,0
DA:10485,0
DA:10487,0
DA:10488,0
DA:10489,0
DA:10490,0
DA:10491,0
DA:10492,0
DA:10493,0
DA:10494,0
DA:10495,0
DA:10512,0
DA:10515,0
DA:10517,0
DA:10519,0
DA:10521,0
DA:10522,0
DA:10528,0
DA:10530,0
DA:10532,0
DA:10534,0
DA:10535,0
DA:10542,0
DA:10543,0
DA:10545,0
DA:10552,0
DA:10553,0
DA:10554,0
DA:10558,0
DA:10560,0
DA:10561,0
DA:10566,0
DA:10573,0
DA:10574,0
DA:10575,0
DA:10579,0
DA:10581,0
DA:10582,0
DA:10587,0
DA:10594,0
DA:10595,0
DA:10596,0
DA:10598,0
DA:10599,0
DA:10604,0
DA:10611,0
DA:10612,0
DA:10613,0
DA:10617,0
DA:10619,0
DA:10620,0
DA:10625,0
DA:10632,0
DA:10633,0
DA:10634,0
DA:10638,0
DA:10640,0
DA:10641,0
DA:10646,0
DA:10653,0
DA:10654,0
DA:10655,0
DA:10659,0
DA:10661,0
DA:10662,0
DA:10667,0
DA:10674,0
DA:10675,0
DA:10676,0
DA:10680,0
DA:10682,0
DA:10683,0
DA:10688,0
DA:10695,0
DA:10696,0
DA:10697,0
DA:10701,0
DA:10703,0
DA:10704,0
DA:10764,0
DA:10766,0
DA:10767,0
DA:10768,0
DA:10771,0
DA:10772,0
DA:10774,0
DA:10775,0
DA:10776,0
DA:10777,0
DA:10778,0
DA:10780,0
DA:10781,0
DA:10785,0
DA:10786,0
DA:10789,0
DA:10790,0
DA:10792,0
DA:10793,0
DA:10794,0
DA:10795,0
DA:10796,0
DA:10798,0
DA:10799,0
DA:10803,0
DA:10804,0
DA:10805,0
DA:10806,0
DA:10807,0
DA:10808,0
DA:10812,0
DA:10813,0
DA:10814,0
DA:10815,0
DA:10816,0
DA:10818,0
DA:10819,0
DA:10820,0
DA:10827,0
DA:10834,0
DA:10835,0
DA:10836,0
DA:10839,0
DA:10840,0
DA:10841,0
DA:10844,0
DA:10845,0
DA:10846,0
DA:10849,0
DA:10850,0
DA:10851,0
DA:10854,0
DA:10855,0
DA:10856,0
DA:10859,0
DA:10860,0
DA:10862,0
DA:10863,0
DA:10864,0
DA:10866,0
DA:10870,0
DA:10871,0
DA:10872,0
DA:10882,0
DA:10883,0
DA:10885,0
DA:10886,0
DA:10887,0
DA:10889,0
DA:10893,0
DA:10894,0
DA:10895,0
DA:10905,0
DA:10908,0
DA:10910,0
DA:10911,0
DA:10912,0
DA:10914,0
DA:10918,0
DA:10919,0
DA:10920,0
DA:10927,0
DA:10933,0
DA:10940,0
DA:10941,0
DA:10942,0
DA:10945,0
DA:10946,0
DA:10947,0
DA:10950,0
DA:10951,0
DA:10952,0
DA:10955,0
DA:10956,0
DA:10957,0
DA:10960,0
DA:10961,0
DA:10962,0
DA:10965,0
DA:10966,0
DA:10968,0
DA:10969,0
DA:10970,0
DA:10972,0
DA:10976,0
DA:10977,0
DA:10978,0
DA:10988,0
DA:10989,0
DA:10991,0
DA:10992,0
DA:10993,0
DA:10995,0
DA:10999,0
DA:11000,0
DA:11001,0
DA:11014,0
DA:11021,0
DA:11022,0
DA:11024,0
DA:11025,0
DA:11026,0
DA:11029,0
DA:11030,0
DA:11031,0
DA:11034,0
DA:11035,0
DA:11036,0
DA:11039,0
DA:11040,0
DA:11041,0
DA:11044,0
DA:11045,0
DA:11047,0
DA:11048,0
DA:11049,0
DA:11051,0
DA:11055,0
DA:11056,0
DA:11057,0
DA:11067,0
DA:11068,0
DA:11070,0
DA:11071,0
DA:11072,0
DA:11074,0
DA:11078,0
DA:11079,0
DA:11080,0
DA:11090,0
DA:11093,0
DA:11095,0
DA:11096,0
DA:11097,0
DA:11099,0
DA:11103,0
DA:11104,0
DA:11105,0
DA:11112,0
DA:11135,0
DA:11136,0
DA:11137,0
DA:11140,0
DA:11141,0
DA:11142,0
DA:11143,0
DA:11144,0
DA:11145,0
DA:11147,0
DA:11155,0
DA:11165,0
DA:11173,0
DA:11182,0
DA:11183,0
DA:11184,0
DA:11185,0
DA:11186,0
DA:11189,0
DA:11191,0
DA:11192,0
DA:11194,0
DA:11210,0
DA:11213,0
DA:11215,0
DA:11218,0
DA:11221,0
DA:11222,0
DA:11228,0
DA:11230,0
DA:11233,0
DA:11236,0
DA:11237,0
DA:11244,0
DA:11245,0
DA:11247,0
DA:11254,0
DA:11255,0
DA:11256,0
DA:11260,0
DA:11262,0
DA:11263,0
DA:11308,0
DA:11310,0
DA:11311,0
DA:11312,0
DA:11313,0
DA:11316,0
DA:11317,0
DA:11318,0
DA:11319,0
DA:11320,0
DA:11322,0
DA:11323,0
DA:11324,0
DA:11328,0
DA:11330,0
DA:11331,0
DA:11332,0
DA:11335,0
DA:11336,0
DA:11337,0
DA:11338,0
DA:11339,0
DA:11341,0
DA:11342,0
DA:11343,0
DA:11347,0
DA:11352,0
DA:11353,0
DA:11354,0
DA:11355,0
DA:11356,0
DA:11360,0
DA:11362,0
DA:11363,0
DA:11364,0
DA:11365,0
DA:11367,0
DA:11368,0
DA:11370,0
DA:11371,0
DA:11375,0
DA:11376,0
DA:11377,0
DA:11378,0
DA:11381,0
DA:11382,0
DA:11383,0
DA:11384,0
DA:11385,0
DA:11387,0
DA:11388,0
DA:11389,0
DA:11393,0
DA:11394,0
DA:11395,0
DA:11396,0
DA:11399,0
DA:11400,0
DA:11401,0
DA:11402,0
DA:11403,0
DA:11405,0
DA:11406,0
DA:11407,0
DA:11411,0
DA:11412,0
DA:11413,0
DA:11414,0
DA:11417,0
DA:11418,0
DA:11419,0
DA:11420,0
DA:11421,0
DA:11423,0
DA:11424,0
DA:11426,0
DA:11427,0
DA:11431,0
DA:11432,0
DA:11433,0
DA:11434,0
DA:11437,0
DA:11438,0
DA:11439,0
DA:11440,0
DA:11441,0
DA:11443,0
DA:11444,0
DA:11446,0
DA:11447,0
DA:11453,0
DA:11460,0
DA:11461,0
DA:11462,0
DA:11465,0
DA:11466,0
DA:11467,0
DA:11470,0
DA:11471,0
DA:11472,0
DA:11475,0
DA:11476,0
DA:11477,0
DA:11480,0
DA:11481,0
DA:11482,0
DA:11485,0
DA:11488,0
DA:11490,0
DA:11491,0
DA:11492,0
DA:11494,0
DA:11498,0
DA:11499,0
DA:11500,0
DA:11507,0
DA:11510,0
DA:11513,0
DA:11515,0
DA:11516,0
DA:11517,0
DA:11519,0
DA:11523,0
DA:11524,0
DA:11525,0
DA:11532,0
DA:11535,0
DA:11538,0
DA:11540,0
DA:11541,0
DA:11542,0
DA:11544,0
DA:11548,0
DA:11549,0
DA:11550,0
DA:11557,0
DA:11560,0
DA:11563,0
DA:11565,0
DA:11566,0
DA:11567,0
DA:11569,0
DA:11573,0
DA:11574,0
DA:11575,0
DA:11582,0
DA:11585,0
DA:11588,0
DA:11590,0
DA:11591,0
DA:11592,0
DA:11594,0
DA:11598,0
DA:11599,0
DA:11600,0
DA:11607,0
DA:11610,0
DA:11613,0
DA:11615,0
DA:11616,0
DA:11617,0
DA:11619,0
DA:11623,0
DA:11624,0
DA:11625,0
DA:11632,0
DA:11635,0
DA:11638,0
DA:11640,0
DA:11641,0
DA:11642,0
DA:11644,0
DA:11648,0
DA:11649,0
DA:11650,0
DA:11657,0
DA:11662,0
DA:11669,0
DA:11670,0
DA:11671,0
DA:11674,0
DA:11675,0
DA:11676,0
DA:11679,0
DA:11680,0
DA:11681,0
DA:11684,0
DA:11685,0
DA:11686,0
DA:11689,0
DA:11690,0
DA:11691,0
DA:11697,0
DA:11704,0
DA:11705,0
DA:11707,0
DA:11708,0
DA:11710,0
DA:11711,0
DA:11713,0
DA:11714,0
DA:11716,0
DA:11717,0
DA:11719,0
DA:11722,0
DA:11724,0
DA:11725,0
DA:11726,0
DA:11728,0
DA:11732,0
DA:11733,0
DA:11734,0
DA:11741,0
DA:11744,0
DA:11747,0
DA:11749,0
DA:11750,0
DA:11751,0
DA:11753,0
DA:11757,0
DA:11758,0
DA:11759,0
DA:11766,0
DA:11769,0
DA:11773,0
DA:11775,0
DA:11776,0
DA:11777,0
DA:11779,0
DA:11783,0
DA:11784,0
DA:11785,0
DA:11792,0
DA:11795,0
DA:11798,0
DA:11800,0
DA:11801,0
DA:11802,0
DA:11804,0
DA:11808,0
DA:11809,0
DA:11810,0
DA:11817,0
DA:11820,0
DA:11823,0
DA:11825,0
DA:11826,0
DA:11827,0
DA:11829,0
DA:11833,0
DA:11834,0
DA:11835,0
DA:11842,0
DA:11845,0
DA:11848,0
DA:11850,0
DA:11851,0
DA:11852,0
DA:11854,0
DA:11858,0
DA:11859,0
DA:11860,0
DA:11867,0
DA:11870,0
DA:11873,0
DA:11875,0
DA:11876,0
DA:11877,0
DA:11879,0
DA:11883,0
DA:11884,0
DA:11885,0
DA:11892,0
DA:11919,0
DA:11920,0
DA:11921,0
DA:11924,0
DA:11925,0
DA:11926,0
DA:11927,0
DA:11928,0
DA:11929,0
DA:11931,0
DA:11937,0
DA:11945,0
DA:11951,0
DA:11958,0
DA:11959,0
DA:11960,0
DA:11961,0
DA:11963,0
DA:11965,0
DA:11974,0
DA:11976,0
DA:11977,0
DA:11978,0
DA:11979,0
DA:11980,0
DA:11981,0
DA:11982,0
DA:11983,0
DA:11986,0
DA:11987,0
DA:11989,0
DA:11996,0
DA:11997,0
DA:12001,0
DA:12003,0
DA:12004,0
DA:12009,0
DA:12016,0
DA:12017,0
DA:12018,0
DA:12020,0
DA:12021,0
DA:12026,0
DA:12033,0
DA:12034,0
DA:12038,0
DA:12040,0
DA:12041,0
DA:12046,0
DA:12053,0
DA:12054,0
DA:12058,0
DA:12060,0
DA:12061,0
DA:12066,0
DA:12073,0
DA:12074,0
DA:12078,0
DA:12080,0
DA:12081,0
DA:12086,0
DA:12093,0
DA:12094,0
DA:12098,0
DA:12100,0
DA:12101,0
DA:12106,0
DA:12113,0
DA:12114,0
DA:12118,0
DA:12120,0
DA:12121,0
DA:12172,0
DA:12174,0
DA:12175,0
DA:12176,0
DA:12177,0
DA:12178,0
DA:12179,0
DA:12183,0
DA:12184,0
DA:12185,0
DA:12186,0
DA:12187,0
DA:12189,0
DA:12190,0
DA:12191,0
DA:12198,0
DA:12205,0
DA:12206,0
DA:12207,0
DA:12210,0
DA:12211,0
DA:12212,0
DA:12215,0
DA:12216,0
DA:12217,0
DA:12220,0
DA:12221,0
DA:12222,0
DA:12225,0
DA:12228,0
DA:12230,0
DA:12231,0
DA:12232,0
DA:12234,0
DA:12238,0
DA:12239,0
DA:12240,0
DA:12247,0
DA:12253,0
DA:12260,0
DA:12261,0
DA:12262,0
DA:12265,0
DA:12266,0
DA:12267,0
DA:12270,0
DA:12271,0
DA:12272,0
DA:12275,0
DA:12276,0
DA:12277,0
DA:12283,0
DA:12290,0
DA:12291,0
DA:12293,0
DA:12294,0
DA:12296,0
DA:12297,0
DA:12299,0
DA:12300,0
DA:12302,0
DA:12305,0
DA:12307,0
DA:12308,0
DA:12309,0
DA:12311,0
DA:12315,0
DA:12316,0
DA:12317,0
DA:12324,0
DA:12343,0
DA:12344,0
DA:12345,0
DA:12348,0
DA:12349,0
DA:12350,0
DA:12351,0
DA:12352,0
DA:12353,0
DA:12355,0
DA:12360,0
DA:12367,0
DA:12372,0
DA:12378,0
DA:12379,0
DA:12380,0
DA:12381,0
DA:12382,0
DA:12385,0
DA:12386,0
DA:12387,0
DA:12389,0
DA:12390,0
DA:12393,0
DA:12394,0
DA:12396,0
DA:12403,0
DA:12404,0
DA:12408,0
DA:12409,0
DA:12410,0
DA:12459,0
DA:12461,0
DA:12462,0
DA:12463,0
DA:12466,0
DA:12467,0
DA:12469,0
DA:12470,0
DA:12471,0
DA:12472,0
DA:12473,0
DA:12475,0
DA:12476,0
DA:12480,0
DA:12481,0
DA:12484,0
DA:12485,0
DA:12487,0
DA:12488,0
DA:12489,0
DA:12490,0
DA:12491,0
DA:12493,0
DA:12494,0
DA:12498,0
DA:12500,0
DA:12501,0
DA:12502,0
DA:12505,0
DA:12506,0
DA:12507,0
DA:12508,0
DA:12509,0
DA:12511,0
DA:12512,0
DA:12513,0
DA:12517,0
DA:12522,0
DA:12523,0
DA:12524,0
DA:12525,0
DA:12526,0
DA:12530,0
DA:12532,0
DA:12533,0
DA:12534,0
DA:12535,0
DA:12537,0
DA:12538,0
DA:12540,0
DA:12541,0
DA:12545,0
DA:12546,0
DA:12547,0
DA:12548,0
DA:12551,0
DA:12552,0
DA:12553,0
DA:12554,0
DA:12555,0
DA:12557,0
DA:12558,0
DA:12559,0
DA:12563,0
DA:12568,0
DA:12569,0
DA:12570,0
DA:12571,0
DA:12572,0
DA:12576,0
DA:12578,0
DA:12579,0
DA:12580,0
DA:12581,0
DA:12583,0
DA:12584,0
DA:12586,0
DA:12587,0
DA:12591,0
DA:12592,0
DA:12593,0
DA:12594,0
DA:12595,0
DA:12596,0
DA:12600,0
DA:12601,0
DA:12602,0
DA:12603,0
DA:12604,0
DA:12606,0
DA:12607,0
DA:12608,0
DA:12615,0
DA:12622,0
DA:12623,0
DA:12624,0
DA:12627,0
DA:12628,0
DA:12629,0
DA:12632,0
DA:12633,0
DA:12634,0
DA:12637,0
DA:12638,0
DA:12639,0
DA:12642,0
DA:12643,0
DA:12644,0
DA:12647,0
DA:12648,0
DA:12650,0
DA:12651,0
DA:12652,0
DA:12654,0
DA:12658,0
DA:12659,0
DA:12660,0
DA:12670,0
DA:12671,0
DA:12673,0
DA:12674,0
DA:12675,0
DA:12677,0
DA:12681,0
DA:12682,0
DA:12683,0
DA:12693,0
DA:12696,0
DA:12698,0
DA:12699,0
DA:12700,0
DA:12702,0
DA:12706,0
DA:12707,0
DA:12708,0
DA:12715,0
DA:12718,0
DA:12721,0
DA:12723,0
DA:12724,0
DA:12725,0
DA:12727,0
DA:12731,0
DA:12732,0
DA:12733,0
DA:12740,0
DA:12743,0
DA:12746,0
DA:12748,0
DA:12749,0
DA:12750,0
DA:12752,0
DA:12756,0
DA:12757,0
DA:12758,0
DA:12765,0
DA:12768,0
DA:12771,0
DA:12773,0
DA:12774,0
DA:12775,0
DA:12777,0
DA:12781,0
DA:12782,0
DA:12783,0
DA:12790,0
DA:12793,0
DA:12796,0
DA:12798,0
DA:12799,0
DA:12800,0
DA:12802,0
DA:12806,0
DA:12807,0
DA:12808,0
DA:12815,0
DA:12821,0
DA:12828,0
DA:12829,0
DA:12830,0
DA:12833,0
DA:12834,0
DA:12835,0
DA:12838,0
DA:12839,0
DA:12840,0
DA:12843,0
DA:12844,0
DA:12845,0
DA:12848,0
DA:12849,0
DA:12850,0
DA:12853,0
DA:12854,0
DA:12856,0
DA:12857,0
DA:12858,0
DA:12860,0
DA:12864,0
DA:12865,0
DA:12866,0
DA:12876,0
DA:12877,0
DA:12879,0
DA:12880,0
DA:12881,0
DA:12883,0
DA:12887,0
DA:12888,0
DA:12889,0
DA:12902,0
DA:12909,0
DA:12910,0
DA:12912,0
DA:12913,0
DA:12914,0
DA:12917,0
DA:12918,0
DA:12919,0
DA:12922,0
DA:12923,0
DA:12925,0
DA:12926,0
DA:12928,0
DA:12929,0
DA:12931,0
DA:12932,0
DA:12933,0
DA:12935,0
DA:12939,0
DA:12940,0
DA:12941,0
DA:12951,0
DA:12952,0
DA:12954,0
DA:12955,0
DA:12956,0
DA:12958,0
DA:12962,0
DA:12963,0
DA:12964,0
DA:12974,0
DA:12977,0
DA:12979,0
DA:12980,0
DA:12981,0
DA:12983,0
DA:12987,0
DA:12988,0
DA:12989,0
DA:12996,0
DA:12999,0
DA:13003,0
DA:13005,0
DA:13006,0
DA:13007,0
DA:13009,0
DA:13013,0
DA:13014,0
DA:13015,0
DA:13022,0
DA:13025,0
DA:13028,0
DA:13030,0
DA:13031,0
DA:13032,0
DA:13034,0
DA:13038,0
DA:13039,0
DA:13040,0
DA:13047,0
DA:13050,0
DA:13054,0
DA:13056,0
DA:13057,0
DA:13058,0
DA:13060,0
DA:13064,0
DA:13065,0
DA:13066,0
DA:13073,0
DA:13076,0
DA:13079,0
DA:13081,0
DA:13082,0
DA:13083,0
DA:13085,0
DA:13089,0
DA:13090,0
DA:13091,0
DA:13098,0
DA:13125,0
DA:13126,0
DA:13127,0
DA:13130,0
DA:13131,0
DA:13132,0
DA:13133,0
DA:13134,0
DA:13135,0
DA:13137,0
DA:13145,0
DA:13155,0
DA:13163,0
DA:13172,0
DA:13173,0
DA:13174,0
DA:13175,0
DA:13176,0
DA:13179,0
DA:13181,0
DA:13190,0
DA:13192,0
DA:13193,0
DA:13194,0
DA:13195,0
DA:13196,0
DA:13197,0
DA:13214,0
DA:13217,0
DA:13219,0
DA:13222,0
DA:13225,0
DA:13226,0
DA:13232,0
DA:13234,0
DA:13237,0
DA:13240,0
DA:13241,0
DA:13248,0
DA:13249,0
DA:13251,0
DA:13258,0
DA:13259,0
DA:13260,0
DA:13264,0
DA:13266,0
DA:13267,0
DA:13272,0
DA:13279,0
DA:13280,0
DA:13281,0
DA:13285,0
DA:13287,0
DA:13288,0
DA:13293,0
DA:13300,0
DA:13301,0
DA:13302,0
DA:13306,0
DA:13308,0
DA:13309,0
DA:13314,0
DA:13321,0
DA:13322,0
DA:13323,0
DA:13327,0
DA:13329,0
DA:13330,0
DA:13335,0
DA:13342,0
DA:13343,0
DA:13344,0
DA:13348,0
DA:13350,0
DA:13351,0
DA:13408,0
DA:13410,0
DA:13411,0
DA:13413,0
DA:13414,0
DA:13416,0
DA:13417,0
DA:13418,0
DA:13419,0
DA:13420,0
DA:13422,0
DA:13423,0
DA:13427,0
DA:13428,0
DA:13430,0
DA:13431,0
DA:13433,0
DA:13434,0
DA:13435,0
DA:13436,0
DA:13437,0
DA:13439,0
DA:13440,0
DA:13444,0
DA:13445,0
DA:13447,0
DA:13448,0
DA:13450,0
DA:13451,0
DA:13452,0
DA:13453,0
DA:13454,0
DA:13456,0
DA:13457,0
DA:13463,0
DA:13470,0
DA:13471,0
DA:13472,0
DA:13475,0
DA:13476,0
DA:13477,0
DA:13480,0
DA:13481,0
DA:13482,0
DA:13485,0
DA:13486,0
DA:13487,0
DA:13490,0
DA:13491,0
DA:13493,0
DA:13494,0
DA:13495,0
DA:13497,0
DA:13501,0
DA:13502,0
DA:13503,0
DA:13513,0
DA:13514,0
DA:13516,0
DA:13517,0
DA:13518,0
DA:13520,0
DA:13524,0
DA:13525,0
DA:13526,0
DA:13536,0
DA:13537,0
DA:13539,0
DA:13540,0
DA:13541,0
DA:13543,0
DA:13547,0
DA:13548,0
DA:13549,0
DA:13562,0
DA:13569,0
DA:13570,0
DA:13571,0
DA:13574,0
DA:13575,0
DA:13576,0
DA:13579,0
DA:13580,0
DA:13581,0
DA:13584,0
DA:13585,0
DA:13586,0
DA:13589,0
DA:13590,0
DA:13592,0
DA:13593,0
DA:13594,0
DA:13596,0
DA:13600,0
DA:13601,0
DA:13602,0
DA:13612,0
DA:13613,0
DA:13615,0
DA:13616,0
DA:13617,0
DA:13619,0
DA:13623,0
DA:13624,0
DA:13625,0
DA:13635,0
DA:13636,0
DA:13638,0
DA:13639,0
DA:13640,0
DA:13642,0
DA:13646,0
DA:13647,0
DA:13648,0
DA:13661,0
DA:13668,0
DA:13669,0
DA:13671,0
DA:13672,0
DA:13674,0
DA:13675,0
DA:13677,0
DA:13678,0
DA:13680,0
DA:13681,0
DA:13683,0
DA:13684,0
DA:13685,0
DA:13687,0
DA:13691,0
DA:13692,0
DA:13693,0
DA:13703,0
DA:13704,0
DA:13706,0
DA:13707,0
DA:13708,0
DA:13710,0
DA:13714,0
DA:13715,0
DA:13716,0
DA:13726,0
DA:13727,0
DA:13729,0
DA:13730,0
DA:13731,0
DA:13733,0
DA:13737,0
DA:13738,0
DA:13739,0
DA:13765,0
DA:13766,0
DA:13767,0
DA:13770,0
DA:13771,0
DA:13772,0
DA:13773,0
DA:13774,0
DA:13775,0
DA:13777,0
DA:13785,0
DA:13795,0
DA:13803,0
DA:13812,0
DA:13813,0
DA:13814,0
DA:13815,0
DA:13817,0
DA:13819,0
DA:13820,0
DA:13822,0
DA:13838,0
DA:13841,0
DA:13843,0
DA:13845,0
DA:13847,0
DA:13848,0
DA:13854,0
DA:13856,0
DA:13858,0
DA:13860,0
DA:13861,0
DA:13867,0
DA:13869,0
DA:13871,0
DA:13873,0
DA:13874,0
DA:13881,0
DA:13882,0
DA:13932,0
DA:13938,0
DA:13939,0
DA:13940,0
DA:13943,0
DA:13944,0
DA:13946,0
DA:13947,0
DA:13948,0
DA:13949,0
DA:13950,0
DA:13952,0
DA:13953,0
DA:13957,0
DA:13958,0
DA:13961,0
DA:13962,0
DA:13964,0
DA:13965,0
DA:13966,0
DA:13967,0
DA:13968,0
DA:13970,0
DA:13971,0
DA:13975,0
DA:13976,0
DA:13977,0
DA:13978,0
DA:13979,0
DA:13983,0
DA:13984,0
DA:13986,0
DA:13987,0
DA:13988,0
DA:13989,0
DA:13990,0
DA:13992,0
DA:13993,0
DA:14000,0
DA:14007,0
DA:14008,0
DA:14009,0
DA:14012,0
DA:14013,0
DA:14014,0
DA:14017,0
DA:14018,0
DA:14019,0
DA:14022,0
DA:14023,0
DA:14024,0
DA:14027,0
DA:14028,0
DA:14030,0
DA:14031,0
DA:14032,0
DA:14034,0
DA:14038,0
DA:14039,0
DA:14040,0
DA:14050,0
DA:14051,0
DA:14053,0
DA:14054,0
DA:14055,0
DA:14057,0
DA:14061,0
DA:14062,0
DA:14063,0
DA:14073,0
DA:14074,0
DA:14076,0
DA:14077,0
DA:14078,0
DA:14080,0
DA:14084,0
DA:14085,0
DA:14086,0
DA:14099,0
DA:14106,0
DA:14107,0
DA:14108,0
DA:14111,0
DA:14112,0
DA:14113,0
DA:14116,0
DA:14117,0
DA:14118,0
DA:14121,0
DA:14122,0
DA:14123,0
DA:14126,0
DA:14127,0
DA:14129,0
DA:14130,0
DA:14131,0
DA:14133,0
DA:14137,0
DA:14138,0
DA:14139,0
DA:14149,0
DA:14150,0
DA:14152,0
DA:14153,0
DA:14154,0
DA:14156,0
DA:14160,0
DA:14161,0
DA:14162,0
DA:14172,0
DA:14173,0
DA:14175,0
DA:14176,0
DA:14177,0
DA:14179,0
DA:14183,0
DA:14184,0
DA:14185,0
DA:14198,0
DA:14205,0
DA:14206,0
DA:14208,0
DA:14209,0
DA:14210,0
DA:14213,0
DA:14214,0
DA:14216,0
DA:14217,0
DA:14219,0
DA:14220,0
DA:14222,0
DA:14223,0
DA:14224,0
DA:14226,0
DA:14230,0
DA:14231,0
DA:14232,0
DA:14242,0
DA:14243,0
DA:14245,0
DA:14246,0
DA:14247,0
DA:14249,0
DA:14253,0
DA:14254,0
DA:14255,0
DA:14265,0
DA:14266,0
DA:14268,0
DA:14269,0
DA:14270,0
DA:14272,0
DA:14276,0
DA:14277,0
DA:14278,0
DA:14304,0
DA:14307,0
DA:14308,0
DA:14311,0
DA:14312,0
DA:14313,0
DA:14314,0
DA:14318,0
DA:14319,0
DA:14324,0
DA:14332,0
DA:14342,0
DA:14350,0
DA:14359,0
DA:14360,0
DA:14361,0
DA:14362,0
DA:14363,0
DA:14366,0
DA:14368,0
DA:14369,0
DA:14371,0
DA:14387,0
DA:14390,0
DA:14392,0
DA:14395,0
DA:14398,0
DA:14399,0
DA:14405,0
DA:14407,0
DA:14410,0
DA:14413,0
DA:14414,0
DA:14420,0
DA:14422,0
DA:14425,0
DA:14428,0
DA:14429,0
DA:14436,0
DA:14437,0
DA:14486,0
DA:14493,0
DA:14494,0
DA:14495,0
DA:14498,0
DA:14499,0
DA:14500,0
DA:14503,0
DA:14504,0
DA:14505,0
DA:14508,0
DA:14509,0
DA:14510,0
DA:14513,0
DA:14514,0
DA:14515,0
DA:14518,0
DA:14519,0
DA:14520,0
DA:14523,0
DA:14524,0
DA:14525,0
DA:14528,0
DA:14529,0
DA:14530,0
DA:14536,0
DA:14543,0
DA:14544,0
DA:14545,0
DA:14548,0
DA:14549,0
DA:14550,0
DA:14553,0
DA:14554,0
DA:14555,0
DA:14558,0
DA:14559,0
DA:14560,0
DA:14563,0
DA:14564,0
DA:14565,0
DA:14568,0
DA:14569,0
DA:14570,0
DA:14573,0
DA:14574,0
DA:14575,0
DA:14578,0
DA:14579,0
DA:14580,0
DA:14586,0
DA:14593,0
DA:14594,0
DA:14596,0
DA:14597,0
DA:14599,0
DA:14600,0
DA:14602,0
DA:14603,0
DA:14604,0
DA:14607,0
DA:14608,0
DA:14610,0
DA:14611,0
DA:14613,0
DA:14614,0
DA:14616,0
DA:14617,0
DA:14642,0
DA:14645,0
DA:14646,0
DA:14649,0
DA:14650,0
DA:14651,0
DA:14652,0
DA:14653,0
DA:14654,0
DA:14656,0
DA:14666,0
DA:14678,0
DA:14688,0
DA:14699,0
DA:14700,0
DA:14701,0
DA:14746,0
DA:14752,0
DA:14753,0
DA:14754,0
DA:14757,0
DA:14758,0
DA:14760,0
DA:14761,0
DA:14762,0
DA:14763,0
DA:14764,0
DA:14766,0
DA:14767,0
DA:14771,0
DA:14772,0
DA:14775,0
DA:14776,0
DA:14778,0
DA:14779,0
DA:14780,0
DA:14781,0
DA:14782,0
DA:14784,0
DA:14785,0
DA:14789,0
DA:14790,0
DA:14791,0
DA:14792,0
DA:14793,0
DA:14794,0
DA:14798,0
DA:14799,0
DA:14800,0
DA:14801,0
DA:14802,0
DA:14804,0
DA:14805,0
DA:14806,0
DA:14810,0
DA:14815,0
DA:14816,0
DA:14817,0
DA:14818,0
DA:14819,0
DA:14823,0
DA:14824,0
DA:14825,0
DA:14826,0
DA:14827,0
DA:14829,0
DA:14830,0
DA:14832,0
DA:14833,0
DA:14840,0
DA:14847,0
DA:14848,0
DA:14849,0
DA:14852,0
DA:14857,0
DA:14858,0
DA:14859,0
DA:14862,0
DA:14863,0
DA:14864,0
DA:14867,0
DA:14868,0
DA:14869,0
DA:14872,0
DA:14873,0
DA:14875,0
DA:14876,0
DA:14877,0
DA:14879,0
DA:14883,0
DA:14884,0
DA:14885,0
DA:14895,0
DA:14896,0
DA:14898,0
DA:14899,0
DA:14900,0
DA:14902,0
DA:14906,0
DA:14907,0
DA:14908,0
DA:14918,0
DA:14921,0
DA:14923,0
DA:14924,0
DA:14925,0
DA:14927,0
DA:14931,0
DA:14932,0
DA:14933,0
DA:14940,0
DA:14943,0
DA:14946,0
DA:14948,0
DA:14949,0
DA:14950,0
DA:14952,0
DA:14956,0
DA:14957,0
DA:14958,0
DA:14965,0
DA:14971,0
DA:14978,0
DA:14979,0
DA:14980,0
DA:14983,0
DA:14984,0
DA:14985,0
DA:14988,0
DA:14989,0
DA:14990,0
DA:14993,0
DA:14994,0
DA:14995,0
DA:14998,0
DA:14999,0
DA:15001,0
DA:15002,0
DA:15003,0
DA:15005,0
DA:15009,0
DA:15010,0
DA:15011,0
DA:15021,0
DA:15022,0
DA:15024,0
DA:15025,0
DA:15026,0
DA:15028,0
DA:15032,0
DA:15033,0
DA:15034,0
DA:15047,0
DA:15054,0
DA:15055,0
DA:15057,0
DA:15058,0
DA:15060,0
DA:15061,0
DA:15063,0
DA:15064,0
DA:15066,0
DA:15067,0
DA:15069,0
DA:15070,0
DA:15071,0
DA:15073,0
DA:15077,0
DA:15078,0
DA:15079,0
DA:15089,0
DA:15090,0
DA:15092,0
DA:15093,0
DA:15094,0
DA:15096,0
DA:15100,0
DA:15101,0
DA:15102,0
DA:15112,0
DA:15115,0
DA:15117,0
DA:15118,0
DA:15119,0
DA:15121,0
DA:15125,0
DA:15126,0
DA:15127,0
DA:15134,0
DA:15137,0
DA:15141,0
DA:15143,0
DA:15144,0
DA:15145,0
DA:15147,0
DA:15151,0
DA:15152,0
DA:15153,0
DA:15160,0
DA:15184,0
DA:15185,0
DA:15186,0
DA:15189,0
DA:15190,0
DA:15191,0
DA:15192,0
DA:15193,0
DA:15194,0
DA:15196,0
DA:15203,0
DA:15212,0
DA:15219,0
DA:15227,0
DA:15228,0
DA:15229,0
DA:15230,0
DA:15231,0
DA:15234,0
DA:15236,0
DA:15242,0
DA:15244,0
DA:15245,0
DA:15246,0
DA:15263,0
DA:15266,0
DA:15268,0
DA:15271,0
DA:15274,0
DA:15275,0
DA:15281,0
DA:15283,0
DA:15286,0
DA:15289,0
DA:15290,0
DA:15297,0
DA:15298,0
DA:15300,0
DA:15307,0
DA:15308,0
DA:15309,0
DA:15313,0
DA:15315,0
DA:15316,0
DA:15321,0
DA:15328,0
DA:15329,0
DA:15330,0
DA:15334,0
DA:15336,0
DA:15337,0
DA:15398,0
DA:15404,0
DA:15405,0
DA:15408,0
DA:15409,0
DA:15411,0
DA:15412,0
DA:15413,0
DA:15414,0
DA:15415,0
DA:15417,0
DA:15418,0
DA:15422,0
DA:15423,0
DA:15424,0
DA:15425,0
DA:15426,0
DA:15430,0
DA:15431,0
DA:15433,0
DA:15434,0
DA:15435,0
DA:15436,0
DA:15437,0
DA:15439,0
DA:15440,0
DA:15444,0
DA:15445,0
DA:15446,0
DA:15447,0
DA:15448,0
DA:15449,0
DA:15453,0
DA:15454,0
DA:15455,0
DA:15456,0
DA:15457,0
DA:15459,0
DA:15460,0
DA:15461,0
DA:15468,0
DA:15475,0
DA:15476,0
DA:15477,0
DA:15480,0
DA:15481,0
DA:15482,0
DA:15485,0
DA:15486,0
DA:15487,0
DA:15490,0
DA:15491,0
DA:15492,0
DA:15495,0
DA:15496,0
DA:15497,0
DA:15500,0
DA:15501,0
DA:15502,0
DA:15505,0
DA:15506,0
DA:15508,0
DA:15509,0
DA:15510,0
DA:15512,0
DA:15516,0
DA:15517,0
DA:15518,0
DA:15528,0
DA:15529,0
DA:15531,0
DA:15532,0
DA:15533,0
DA:15535,0
DA:15539,0
DA:15540,0
DA:15541,0
DA:15551,0
DA:15554,0
DA:15556,0
DA:15557,0
DA:15558,0
DA:15560,0
DA:15564,0
DA:15565,0
DA:15566,0
DA:15573,0
DA:15579,0
DA:15586,0
DA:15587,0
DA:15588,0
DA:15591,0
DA:15592,0
DA:15593,0
DA:15596,0
DA:15597,0
DA:15598,0
DA:15601,0
DA:15602,0
DA:15603,0
DA:15606,0
DA:15607,0
DA:15608,0
DA:15611,0
DA:15612,0
DA:15613,0
DA:15616,0
DA:15617,0
DA:15619,0
DA:15620,0
DA:15621,0
DA:15623,0
DA:15627,0
DA:15628,0
DA:15629,0
DA:15639,0
DA:15640,0
DA:15642,0
DA:15643,0
DA:15644,0
DA:15646,0
DA:15650,0
DA:15651,0
DA:15652,0
DA:15665,0
DA:15672,0
DA:15673,0
DA:15675,0
DA:15676,0
DA:15678,0
DA:15679,0
DA:15681,0
DA:15682,0
DA:15684,0
DA:15685,0
DA:15687,0
DA:15688,0
DA:15690,0
DA:15691,0
DA:15693,0
DA:15694,0
DA:15695,0
DA:15697,0
DA:15701,0
DA:15702,0
DA:15703,0
DA:15713,0
DA:15714,0
DA:15716,0
DA:15717,0
DA:15718,0
DA:15720,0
DA:15724,0
DA:15725,0
DA:15726,0
DA:15736,0
DA:15739,0
DA:15741,0
DA:15742,0
DA:15743,0
DA:15745,0
DA:15749,0
DA:15750,0
DA:15751,0
DA:15758,0
DA:15781,0
DA:15784,0
DA:15785,0
DA:15788,0
DA:15789,0
DA:15790,0
DA:15791,0
DA:15792,0
DA:15793,0
DA:15795,0
DA:15804,0
DA:15815,0
DA:15824,0
DA:15834,0
DA:15835,0
DA:15836,0
DA:15837,0
DA:15838,0
DA:15841,0
DA:15843,0
DA:15848,0
DA:15850,0
DA:15851,0
DA:15868,0
DA:15871,0
DA:15873,0
DA:15876,0
DA:15879,0
DA:15880,0
DA:15886,0
DA:15888,0
DA:15891,0
DA:15894,0
DA:15895,0
DA:15902,0
DA:15903,0
DA:15905,0
DA:15912,0
DA:15913,0
DA:15914,0
DA:15918,0
DA:15920,0
DA:15921,0
DA:15970,0
DA:15972,0
DA:15973,0
DA:15974,0
DA:15977,0
DA:15978,0
DA:15980,0
DA:15981,0
DA:15982,0
DA:15983,0
DA:15984,0
DA:15986,0
DA:15987,0
DA:15991,0
DA:15992,0
DA:15993,0
DA:15996,0
DA:15997,0
DA:15999,0
DA:16000,0
DA:16001,0
DA:16002,0
DA:16003,0
DA:16005,0
DA:16006,0
DA:16010,0
DA:16011,0
DA:16012,0
DA:16015,0
DA:16016,0
DA:16018,0
DA:16019,0
DA:16020,0
DA:16021,0
DA:16022,0
DA:16024,0
DA:16025,0
DA:16032,0
DA:16039,0
DA:16040,0
DA:16041,0
DA:16044,0
DA:16045,0
DA:16046,0
DA:16049,0
DA:16050,0
DA:16052,0
DA:16053,0
DA:16054,0
DA:16056,0
DA:16060,0
DA:16061,0
DA:16062,0
DA:16072,0
DA:16073,0
DA:16075,0
DA:16076,0
DA:16077,0
DA:16079,0
DA:16083,0
DA:16084,0
DA:16085,0
DA:16095,0
DA:16096,0
DA:16098,0
DA:16099,0
DA:16100,0
DA:16102,0
DA:16106,0
DA:16107,0
DA:16108,0
DA:16121,0
DA:16128,0
DA:16129,0
DA:16130,0
DA:16133,0
DA:16134,0
DA:16135,0
DA:16138,0
DA:16139,0
DA:16141,0
DA:16142,0
DA:16143,0
DA:16145,0
DA:16149,0
DA:16150,0
DA:16151,0
DA:16161,0
DA:16162,0
DA:16164,0
DA:16165,0
DA:16166,0
DA:16168,0
DA:16172,0
DA:16173,0
DA:16174,0
DA:16184,0
DA:16185,0
DA:16187,0
DA:16188,0
DA:16189,0
DA:16191,0
DA:16195,0
DA:16196,0
DA:16197,0
DA:16210,0
DA:16217,0
DA:16218,0
DA:16220,0
DA:16221,0
DA:16223,0
DA:16224,0
DA:16226,0
DA:16227,0
DA:16228,0
DA:16230,0
DA:16234,0
DA:16235,0
DA:16236,0
DA:16246,0
DA:16247,0
DA:16249,0
DA:16250,0
DA:16251,0
DA:16253,0
DA:16257,0
DA:16258,0
DA:16259,0
DA:16269,0
DA:16270,0
DA:16272,0
DA:16273,0
DA:16274,0
DA:16276,0
DA:16280,0
DA:16281,0
DA:16282,0
DA:16308,0
DA:16309,0
DA:16310,0
DA:16313,0
DA:16314,0
DA:16315,0
DA:16316,0
DA:16317,0
DA:16318,0
DA:16320,0
DA:16326,0
DA:16334,0
DA:16340,0
DA:16347,0
DA:16348,0
DA:16349,0
DA:16350,0
DA:16351,0
DA:16354,0
DA:16356,0
DA:16357,0
DA:16359,0
DA:16375,0
DA:16378,0
DA:16380,0
DA:16383,0
DA:16386,0
DA:16387,0
DA:16393,0
DA:16395,0
DA:16398,0
DA:16401,0
DA:16402,0
DA:16408,0
DA:16410,0
DA:16413,0
DA:16416,0
DA:16417,0
DA:16424,0
DA:16425,0
DA:16473,0
DA:16479,0
DA:16480,0
DA:16481,0
DA:16482,0
DA:16483,0
DA:16487,0
DA:16488,0
DA:16490,0
DA:16491,0
DA:16492,0
DA:16493,0
DA:16494,0
DA:16496,0
DA:16497,0
DA:16501,0
DA:16502,0
DA:16503,0
DA:16506,0
DA:16507,0
DA:16509,0
DA:16510,0
DA:16511,0
DA:16512,0
DA:16513,0
DA:16515,0
DA:16516,0
DA:16523,0
DA:16530,0
DA:16531,0
DA:16532,0
DA:16535,0
DA:16536,0
DA:16537,0
DA:16540,0
DA:16541,0
DA:16542,0
DA:16545,0
DA:16546,0
DA:16547,0
DA:16550,0
DA:16551,0
DA:16553,0
DA:16554,0
DA:16555,0
DA:16557,0
DA:16561,0
DA:16562,0
DA:16563,0
DA:16573,0
DA:16574,0
DA:16576,0
DA:16577,0
DA:16578,0
DA:16580,0
DA:16584,0
DA:16585,0
DA:16586,0
DA:16599,0
DA:16606,0
DA:16607,0
DA:16608,0
DA:16611,0
DA:16612,0
DA:16613,0
DA:16616,0
DA:16617,0
DA:16618,0
DA:16621,0
DA:16622,0
DA:16623,0
DA:16626,0
DA:16627,0
DA:16629,0
DA:16630,0
DA:16631,0
DA:16633,0
DA:16637,0
DA:16638,0
DA:16639,0
DA:16649,0
DA:16650,0
DA:16652,0
DA:16653,0
DA:16654,0
DA:16656,0
DA:16660,0
DA:16661,0
DA:16662,0
DA:16675,0
DA:16682,0
DA:16683,0
DA:16685,0
DA:16686,0
DA:16687,0
DA:16690,0
DA:16691,0
DA:16692,0
DA:16695,0
DA:16696,0
DA:16698,0
DA:16699,0
DA:16701,0
DA:16702,0
DA:16703,0
DA:16705,0
DA:16709,0
DA:16710,0
DA:16711,0
DA:16721,0
DA:16722,0
DA:16724,0
DA:16725,0
DA:16726,0
DA:16728,0
DA:16732,0
DA:16733,0
DA:16734,0
DA:16760,0
DA:16763,0
DA:16764,0
DA:16767,0
DA:16768,0
DA:16769,0
DA:16770,0
DA:16771,0
DA:16772,0
DA:16777,0
DA:16784,0
DA:16793,0
DA:16800,0
DA:16808,0
DA:16809,0
DA:16810,0
DA:16811,0
DA:16812,0
DA:16815,0
DA:16817,0
DA:16818,0
DA:16820,0
DA:16836,0
DA:16839,0
DA:16841,0
DA:16844,0
DA:16847,0
DA:16848,0
DA:16854,0
DA:16856,0
DA:16859,0
DA:16862,0
DA:16863,0
DA:16870,0
DA:16871,0
DA:16908,0
DA:16910,0
DA:16911,0
DA:16912,0
DA:16915,0
DA:16916,0
DA:16918,0
DA:16919,0
DA:16920,0
DA:16921,0
DA:16922,0
DA:16924,0
DA:16925,0
DA:16932,0
DA:16939,0
DA:16940,0
DA:16941,0
DA:16944,0
DA:16945,0
DA:16946,0
DA:16949,0
DA:16950,0
DA:16952,0
DA:16953,0
DA:16954,0
DA:16956,0
DA:16960,0
DA:16961,0
DA:16962,0
DA:16975,0
DA:16982,0
DA:16983,0
DA:16984,0
DA:16987,0
DA:16988,0
DA:16989,0
DA:16992,0
DA:16993,0
DA:16995,0
DA:16996,0
DA:16997,0
DA:16999,0
DA:17003,0
DA:17004,0
DA:17005,0
DA:17018,0
DA:17025,0
DA:17026,0
DA:17028,0
DA:17029,0
DA:17030,0
DA:17033,0
DA:17034,0
DA:17036,0
DA:17037,0
DA:17038,0
DA:17040,0
DA:17044,0
DA:17045,0
DA:17046,0
DA:17072,0
DA:17073,0
DA:17074,0
DA:17077,0
DA:17078,0
DA:17079,0
DA:17080,0
DA:17081,0
DA:17082,0
DA:17084,0
DA:17088,0
DA:17094,0
DA:17098,0
DA:17103,0
DA:17104,0
DA:17105,0
DA:17106,0
DA:17107,0
DA:17110,0
DA:17111,0
DA:17112,0
DA:17114,0
DA:17130,0
DA:17133,0
DA:17135,0
DA:17137,0
DA:17139,0
DA:17140,0
DA:17147,0
DA:17148,0
DA:17177,0
DA:17179,0
DA:17180,0
DA:17181,0
DA:17182,0
DA:17183,0
DA:17184,0
DA:17188,0
DA:17189,0
DA:17190,0
DA:17191,0
DA:17192,0
DA:17194,0
DA:17195,0
DA:17197,0
DA:17198,0
DA:17205,0
DA:17212,0
DA:17213,0
DA:17214,0
DA:17217,0
DA:17218,0
DA:17219,0
DA:17222,0
DA:17225,0
DA:17227,0
DA:17228,0
DA:17229,0
DA:17231,0
DA:17235,0
DA:17236,0
DA:17237,0
DA:17244,0
DA:17250,0
DA:17257,0
DA:17258,0
DA:17259,0
DA:17262,0
DA:17263,0
DA:17264,0
DA:17270,0
DA:17277,0
DA:17278,0
DA:17280,0
DA:17281,0
DA:17283,0
DA:17286,0
DA:17288,0
DA:17289,0
DA:17290,0
DA:17292,0
DA:17296,0
DA:17297,0
DA:17298,0
DA:17305,0
DA:17324,0
DA:17325,0
DA:17326,0
DA:17329,0
DA:17330,0
DA:17331,0
DA:17332,0
DA:17333,0
DA:17334,0
DA:17336,0
DA:17339,0
DA:17341,0
DA:17342,0
DA:17343,0
DA:17344,0
DA:17345,0
DA:17346,0
DA:17347,0
DA:17350,0
DA:17351,0
DA:17352,0
DA:17354,0
DA:17355,0
DA:17358,0
DA:17359,0
DA:17361,0
DA:17368,0
DA:17369,0
DA:17370,0
DA:17374,0
DA:17375,0
DA:17376,0
DA:17433,0
DA:17439,0
DA:17440,0
DA:17441,0
DA:17444,0
DA:17445,0
DA:17447,0
DA:17448,0
DA:17449,0
DA:17450,0
DA:17451,0
DA:17453,0
DA:17454,0
DA:17458,0
DA:17459,0
DA:17462,0
DA:17463,0
DA:17465,0
DA:17466,0
DA:17467,0
DA:17468,0
DA:17469,0
DA:17471,0
DA:17472,0
DA:17476,0
DA:17481,0
DA:17482,0
DA:17483,0
DA:17484,0
DA:17485,0
DA:17489,0
DA:17492,0
DA:17493,0
DA:17494,0
DA:17495,0
DA:17496,0
DA:17499,0
DA:17500,0
DA:17502,0
DA:17503,0
DA:17507,0
DA:17508,0
DA:17509,0
DA:17510,0
DA:17511,0
DA:17512,0
DA:17516,0
DA:17518,0
DA:17519,0
DA:17522,0
DA:17523,0
DA:17525,0
DA:17526,0
DA:17533,0
DA:17540,0
DA:17541,0
DA:17542,0
DA:17545,0
DA:17546,0
DA:17547,0
DA:17550,0
DA:17551,0
DA:17552,0
DA:17555,0
DA:17556,0
DA:17557,0
DA:17560,0
DA:17561,0
DA:17562,0
DA:17565,0
DA:17566,0
DA:17567,0
DA:17570,0
DA:17571,0
DA:17572,0
DA:17575,0
DA:17576,0
DA:17578,0
DA:17579,0
DA:17580,0
DA:17582,0
DA:17586,0
DA:17587,0
DA:17588,0
DA:17598,0
DA:17599,0
DA:17601,0
DA:17602,0
DA:17603,0
DA:17605,0
DA:17609,0
DA:17610,0
DA:17611,0
DA:17621,0
DA:17624,0
DA:17626,0
DA:17627,0
DA:17628,0
DA:17630,0
DA:17634,0
DA:17635,0
DA:17636,0
DA:17643,0
DA:17646,0
DA:17649,0
DA:17651,0
DA:17652,0
DA:17653,0
DA:17655,0
DA:17659,0
DA:17660,0
DA:17661,0
DA:17668,0
DA:17674,0
DA:17681,0
DA:17682,0
DA:17683,0
DA:17686,0
DA:17687,0
DA:17688,0
DA:17691,0
DA:17692,0
DA:17693,0
DA:17696,0
DA:17697,0
DA:17698,0
DA:17701,0
DA:17702,0
DA:17703,0
DA:17706,0
DA:17707,0
DA:17708,0
DA:17711,0
DA:17712,0
DA:17713,0
DA:17716,0
DA:17717,0
DA:17719,0
DA:17720,0
DA:17721,0
DA:17723,0
DA:17727,0
DA:17728,0
DA:17729,0
DA:17739,0
DA:17740,0
DA:17742,0
DA:17743,0
DA:17744,0
DA:17746,0
DA:17750,0
DA:17751,0
DA:17752,0
DA:17765,0
DA:17772,0
DA:17773,0
DA:17775,0
DA:17776,0
DA:17777,0
DA:17780,0
DA:17781,0
DA:17782,0
DA:17785,0
DA:17786,0
DA:17788,0
DA:17789,0
DA:17791,0
DA:17792,0
DA:17794,0
DA:17795,0
DA:17797,0
DA:17798,0
DA:17800,0
DA:17801,0
DA:17802,0
DA:17804,0
DA:17808,0
DA:17809,0
DA:17810,0
DA:17820,0
DA:17821,0
DA:17823,0
DA:17824,0
DA:17825,0
DA:17827,0
DA:17831,0
DA:17832,0
DA:17833,0
DA:17843,0
DA:17847,0
DA:17849,0
DA:17850,0
DA:17851,0
DA:17853,0
DA:17857,0
DA:17858,0
DA:17859,0
DA:17866,0
DA:17869,0
DA:17872,0
DA:17874,0
DA:17875,0
DA:17876,0
DA:17878,0
DA:17882,0
DA:17883,0
DA:17884,0
DA:17891,0
DA:17915,0
DA:17918,0
DA:17919,0
DA:17922,0
DA:17923,0
DA:17924,0
DA:17925,0
DA:17926,0
DA:17927,0
DA:17929,0
DA:17939,0
DA:17951,0
DA:17961,0
DA:17972,0
DA:17973,0
DA:17974,0
DA:17975,0
DA:17976,0
DA:17979,0
DA:17981,0
DA:17987,0
DA:17989,0
DA:17990,0
DA:17991,0
DA:18008,0
DA:18011,0
DA:18013,0
DA:18016,0
DA:18019,0
DA:18020,0
DA:18026,0
DA:18028,0
DA:18031,0
DA:18034,0
DA:18035,0
DA:18042,0
DA:18043,0
DA:18045,0
DA:18052,0
DA:18053,0
DA:18054,0
DA:18058,0
DA:18060,0
DA:18061,0
DA:18066,0
DA:18073,0
DA:18074,0
DA:18075,0
DA:18079,0
DA:18081,0
DA:18082,0
DA:18139,0
DA:18145,0
DA:18146,0
DA:18147,0
DA:18148,0
DA:18149,0
DA:18153,0
DA:18154,0
DA:18156,0
DA:18157,0
DA:18158,0
DA:18159,0
DA:18160,0
DA:18162,0
DA:18163,0
DA:18167,0
DA:18168,0
DA:18169,0
DA:18172,0
DA:18173,0
DA:18175,0
DA:18176,0
DA:18177,0
DA:18178,0
DA:18179,0
DA:18181,0
DA:18182,0
DA:18186,0
DA:18187,0
DA:18188,0
DA:18189,0
DA:18190,0
DA:18194,0
DA:18195,0
DA:18197,0
DA:18198,0
DA:18199,0
DA:18200,0
DA:18201,0
DA:18203,0
DA:18204,0
DA:18211,0
DA:18218,0
DA:18219,0
DA:18220,0
DA:18223,0
DA:18224,0
DA:18225,0
DA:18228,0
DA:18229,0
DA:18230,0
DA:18233,0
DA:18234,0
DA:18236,0
DA:18237,0
DA:18238,0
DA:18240,0
DA:18244,0
DA:18245,0
DA:18246,0
DA:18256,0
DA:18257,0
DA:18259,0
DA:18260,0
DA:18261,0
DA:18263,0
DA:18267,0
DA:18268,0
DA:18269,0
DA:18279,0
DA:18280,0
DA:18282,0
DA:18283,0
DA:18284,0
DA:18286,0
DA:18290,0
DA:18291,0
DA:18292,0
DA:18305,0
DA:18312,0
DA:18313,0
DA:18314,0
DA:18317,0
DA:18318,0
DA:18319,0
DA:18322,0
DA:18323,0
DA:18324,0
DA:18327,0
DA:18328,0
DA:18330,0
DA:18331,0
DA:18332,0
DA:18334,0
DA:18338,0
DA:18339,0
DA:18340,0
DA:18350,0
DA:18351,0
DA:18353,0
DA:18354,0
DA:18355,0
[...]
DA:731,0
DA:732,0
DA:733,0
DA:734,0
DA:735,0
DA:743,0
DA:744,0
DA:746,0
DA:747,0
DA:749,0
DA:750,0
DA:753,0
DA:758,0
DA:759,0
DA:762,0
DA:764,0
DA:768,0
DA:770,0
DA:772,0
DA:773,0
DA:774,0
DA:779,0
DA:783,0
DA:784,0
DA:786,0
DA:787,0
DA:788,0
DA:789,0
DA:790,0
DA:791,0
DA:792,0
DA:793,0
DA:794,0
DA:797,0
DA:798,0
DA:799,0
DA:800,0
DA:803,0
DA:804,0
DA:805,0
DA:806,0
DA:811,0
DA:812,0
DA:814,0
DA:815,0
DA:816,0
DA:819,0
DA:820,0
DA:822,0
DA:823,0
DA:824,0
DA:826,0
DA:827,0
DA:829,0
DA:831,0
DA:834,0
DA:835,0
DA:836,0
DA:837,0
DA:859,0
DA:866,0
DA:867,0
DA:868,0
DA:869,0
DA:870,0
DA:872,0
DA:873,0
DA:875,0
DA:878,0
DA:879,0
DA:880,0
DA:881,0
DA:882,0
DA:883,0
DA:884,0
DA:885,0
DA:886,0
LF:441
LH:0
end_of_record
SF:lib\features\product\presentation\widgets\sections\shelf_life_section.dart
DA:15,0
DA:25,0
DA:26,0
DA:34,0
DA:36,0
DA:38,0
DA:40,0
DA:43,0
DA:46,0
DA:47,0
DA:49,0
DA:52,0
DA:53,0
DA:54,0
DA:58,0
DA:60,0
DA:61,0
DA:62,0
DA:64,0
DA:65,0
DA:66,0
DA:68,0
DA:69,0
DA:70,0
DA:75,0
DA:77,0
DA:78,0
DA:79,0
DA:80,0
LF:29
LH:0
end_of_record
SF:lib\features\product\presentation\widgets\sections\pricing_section.dart
DA:8,0
DA:14,0
DA:15,0
DA:26,0
DA:28,0
DA:30,0
DA:31,0
DA:33,0
DA:34,0
DA:37,0
DA:40,0
DA:41,0
DA:42,0
DA:45,0
DA:46,0
DA:47,0
DA:51,0
DA:52,0
DA:53,0
DA:57,0
DA:59,0
DA:60,0
DA:61,0
DA:62,0
DA:63,0
DA:64,0
DA:66,0
DA:67,0
DA:73,0
DA:74,0
DA:75,0
DA:76,0
DA:78,0
DA:79,0
LF:34
LH:0
end_of_record
SF:lib\features\product\presentation\widgets\inputs\app_text_field.dart
DA:15,0
DA:28,0
DA:29,0
DA:36,0
DA:38,0
DA:40,0
DA:42,0
DA:45,0
DA:48,0
DA:49,0
DA:51,0
DA:54,0
DA:55,0
DA:56,0
DA:60,0
DA:62,0
DA:63,0
DA:64,0
DA:65,0
DA:66,0
DA:67,0
DA:68,0
DA:69,0
DA:70,0
DA:71,0
DA:73,0
DA:74,0
DA:75,0
DA:76,0
LF:29
LH:0
end_of_record
SF:lib\features\product\presentation\widgets\sections\basic_info_section.dart
DA:18,0
DA:29,0
DA:31,0
DA:33,0
DA:34,0
DA:36,0
DA:37,0
DA:39,0
DA:41,0
DA:43,0
DA:44,0
DA:45,0
DA:56,0
DA:57,0
DA:60,0
DA:61,0
DA:64,0
DA:65,0
DA:66,0
LF:19
LH:0
end_of_record
SF:lib\features\product\presentation\widgets\sections\unit_category_section.dart
DA:30,0
DA:53,0
DA:55,0
DA:57,0
DA:58,0
DA:59,0
DA:60,0
DA:61,0
DA:62,0
DA:63,0
DA:64,0
DA:65,0
DA:66,0
DA:67,0
DA:68,0
DA:69,0
DA:72,0
DA:73,0
DA:74,0
DA:75,0
DA:76,0
DA:77,0
DA:78,0
DA:79,0
DA:80,0
LF:25
LH:0
end_of_record
SF:lib\features\product\presentation\widgets\product_form_action_bar.dart
DA:9,0
DA:16,0
DA:18,0
DA:20,0
DA:21,0
DA:23,0
DA:24,0
DA:27,0
DA:28,0
DA:29,0
DA:30,0
DA:31,0
DA:34,0
DA:40,0
DA:41,0
LF:15
LH:0
end_of_record
SF:lib\features\product\presentation\widgets\time_filter_bottom_sheet.dart
DA:6,40
DA:8,0
DA:9,0
DA:13,0
DA:15,0
DA:16,0
DA:18,0
DA:19,0
DA:20,0
DA:21,0
DA:24,0
DA:25,0
DA:27,0
DA:31,0
DA:32,0
DA:33,0
DA:38,0
DA:40,0
DA:41,0
DA:42,0
DA:44,0
DA:49,0
DA:50,0
DA:51,0
DA:60,0
DA:65,0
DA:66,0
DA:72,0
DA:81,0
DA:83,0
DA:84,0
DA:86,0
DA:88,0
DA:89,0
DA:90,0
DA:91,0
DA:92,0
DA:94,0
DA:95,0
DA:96,0
DA:99,0
DA:100,0
DA:101,0
DA:103,0
DA:104,0
DA:105,0
DA:112,0
DA:113,0
DA:115,0
DA:116,0
DA:124,0
DA:132,0
DA:134,0
DA:137,0
DA:138,0
DA:139,0
DA:140,0
DA:141,0
DA:142,0
DA:149,0
DA:150,0
DA:156,0
DA:158,0
DA:159,0
DA:160,0
DA:163,0
DA:165,0
DA:166,0
DA:168,0
DA:169,0
DA:171,0
DA:173,0
DA:175,0
DA:177,0
DA:178,0
DA:179,0
DA:180,0
DA:181,0
DA:186,0
DA:187,0
DA:188,0
DA:192,0
DA:193,0
DA:194,0
DA:195,0
DA:204,0
DA:210,0
DA:211,0
DA:212,0
DA:213,0
DA:214,0
DA:215,0
DA:217,0
DA:219,0
DA:229,0
DA:230,0
DA:232,0
DA:236,0
DA:237,0
DA:238,0
DA:239,0
DA:240,0
DA:241,0
DA:242,0
DA:244,0
DA:245,0
DA:246,0
DA:248,0
DA:250,0
DA:252,0
DA:254,0
DA:256,0
DA:258,0
DA:261,0
DA:262,0
DA:263,0
DA:270,0
DA:271,0
DA:272,0
DA:273,0
DA:275,0
DA:277,0
DA:278,0
DA:294,0
DA:296,0
DA:298,0
DA:299,0
DA:301,0
DA:303,0
DA:305,0
DA:306,0
DA:307,0
DA:308,0
DA:309,0
DA:313,0
DA:314,0
DA:315,0
DA:319,0
DA:320,0
DA:321,0
DA:322,0
DA:329,0
DA:330,0
DA:332,0
DA:333,0
DA:348,0
DA:353,0
DA:354,0
DA:363,0
DA:365,0
DA:366,0
DA:367,0
DA:368,0
DA:370,0
DA:371,0
DA:374,0
DA:376,0
DA:377,0
DA:378,0
DA:379,0
DA:380,0
DA:382,0
DA:383,0
DA:384,0
DA:385,0
DA:387,0
DA:388,0
DA:396,0
DA:398,0
DA:399,0
DA:400,0
DA:403,0
DA:404,0
DA:405,0
DA:406,0
DA:409,0
DA:410,0
DA:411,0
DA:414,0
DA:415,0
DA:416,0
DA:417,0
DA:420,0
DA:421,0
DA:422,0
DA:425,0
DA:427,0
DA:429,0
DA:431,0
DA:432,0
DA:433,0
DA:434,0
DA:436,0
DA:437,0
DA:440,0
DA:441,0
DA:442,0
DA:444,0
DA:445,0
DA:446,0
DA:447,0
DA:451,0
DA:452,0
DA:453,0
DA:454,0
DA:456,0
DA:460,0
DA:461,0
DA:462,0
DA:464,0
DA:467,0
DA:470,0
DA:472,0
DA:474,0
DA:476,0
DA:477,0
DA:478,0
DA:485,0
DA:486,0
DA:487,0
DA:488,0
DA:506,0
DA:508,0
DA:509,0
DA:513,0
DA:514,0
DA:516,0
DA:518,0
DA:520,0
DA:521,0
DA:522,0
DA:523,0
DA:524,0
DA:528,0
DA:529,0
DA:530,0
DA:534,0
DA:535,0
DA:536,0
DA:537,0
DA:546,0
DA:547,0
DA:549,0
DA:558,0
DA:559,0
DA:560,0
DA:561,0
DA:563,0
DA:564,0
DA:565,0
DA:566,0
DA:568,0
DA:570,0
DA:572,0
DA:574,0
DA:575,0
DA:576,0
DA:578,0
DA:580,0
DA:583,0
DA:584,0
DA:585,0
DA:592,0
DA:593,0
DA:595,0
DA:597,0
DA:599,0
DA:600,0
DA:604,0
DA:620,0
DA:624,0
DA:626,0
DA:627,0
DA:629,0
DA:630,0
DA:631,0
DA:633,0
DA:634,0
DA:635,0
DA:637,0
DA:647,0
DA:648,0
DA:649,0
DA:650,0
DA:651,0
DA:653,0
DA:664,0
DA:665,0
DA:669,0
DA:670,0
DA:671,0
DA:672,0
DA:673,0
DA:676,0
DA:677,0
DA:679,0
DA:680,0
DA:681,0
DA:684,0
DA:685,0
DA:686,0
DA:687,0
DA:688,0
DA:692,0
LF:304
LH:1
end_of_record
SF:lib\features\product\presentation\widgets\inputs\category_typeahead_field.dart
DA:18,0
DA:31,0
DA:32,0
DA:38,0
DA:40,0
DA:42,0
DA:45,0
DA:48,0
DA:49,0
DA:52,0
DA:53,0
DA:54,0
DA:58,0
DA:60,0
DA:61,0
DA:62,0
DA:63,0
DA:64,0
DA:65,0
DA:66,0
DA:67,0
DA:69,0
DA:72,0
DA:73,0
DA:74,0
DA:75,0
DA:76,0
DA:77,0
DA:79,0
DA:80,0
DA:81,0
DA:83,0
DA:85,0
DA:86,0
DA:87,0
DA:88,0
DA:92,0
DA:93,0
DA:94,0
DA:96,0
DA:97,0
DA:98,0
DA:99,0
DA:101,0
DA:102,0
DA:108,0
DA:115,0
DA:116,0
LF:48
LH:0
end_of_record
SF:lib\features\product\presentation\widgets\inputs\shelf_life_unit_dropdown.dart
DA:10,0
DA:17,0
DA:19,0
DA:20,0
DA:21,0
DA:22,0
DA:23,0
DA:30,0
DA:31,0
DA:32,0
DA:33,0
DA:34,0
DA:36,0
DA:37,0
DA:39,0
DA:40,0
DA:41,0
DA:44,0
DA:45,0
DA:46,0
DA:48,0
DA:49,0
DA:50,0
DA:57,0
DA:59,0
DA:61,0
DA:63,0
LF:27
LH:0
end_of_record
SF:lib\features\product\presentation\widgets\inputs\unit_typeahead_field.dart
DA:21,0
DA:37,0
DA:38,0
DA:44,0
DA:46,0
DA:48,0
DA:51,0
DA:54,0
DA:55,0
DA:58,0
DA:59,0
DA:60,0
DA:64,0
DA:66,0
DA:67,0
DA:68,0
DA:69,0
DA:70,0
DA:71,0
DA:72,0
DA:73,0
DA:74,0
DA:75,0
DA:76,0
DA:77,0
DA:78,0
DA:79,0
DA:81,0
DA:82,0
DA:83,0
DA:84,0
DA:88,0
DA:89,0
DA:90,0
DA:92,0
DA:93,0
DA:94,0
DA:95,0
DA:97,0
DA:98,0
DA:101,0
DA:102,0
DA:103,0
DA:104,0
DA:111,0
DA:118,0
DA:119,0
DA:123,0
DA:124,0
LF:49
LH:0
end_of_record
SF:lib\features\product\presentation\widgets\product_image_picker.dart
DA:13,0
DA:21,0
DA:22,0
DA:29,0
DA:31,0
DA:32,0
DA:35,0
DA:37,0
DA:38,0
DA:39,0
DA:40,0
DA:45,0
DA:47,0
DA:48,0
DA:50,0
DA:51,0
DA:52,0
DA:53,0
DA:54,0
DA:55,0
DA:56,0
DA:57,0
DA:58,0
DA:59,0
DA:64,0
DA:74,0
DA:75,0
DA:76,0
DA:77,0
DA:78,0
DA:79,0
DA:80,0
DA:81,0
DA:83,0
DA:84,0
DA:89,0
DA:93,0
DA:94,0
DA:96,0
DA:97,0
DA:99,0
DA:100,0
DA:103,0
DA:105,0
DA:111,0
DA:112,0
DA:113,0
DA:117,0
DA:118,0
DA:119,0
DA:121,0
DA:123,0
DA:124,0
DA:127,0
DA:128,0
DA:129,0
DA:133,0
DA:135,0
DA:137,0
DA:138,0
DA:141,0
DA:142,0
DA:143,0
DA:146,0
DA:149,0
DA:150,0
DA:151,0
DA:165,0
DA:170,0
DA:172,0
DA:173,0
DA:175,0
DA:176,0
DA:177,0
DA:179,0
DA:180,0
DA:181,0
DA:183,0
DA:185,0
DA:186,0
DA:196,0
DA:198,0
DA:200,0
DA:203,0
DA:207,0
DA:209,0
DA:211,0
DA:214,0
DA:218,0
DA:219,0
DA:220,0
DA:222,0
LF:92
LH:0
end_of_record
SF:lib\features\product\presentation\widgets\sections\barcode_section.dart
DA:8,0
DA:14,0
DA:15,0
DA:23,0
DA:25,0
DA:27,0
DA:29,0
DA:32,0
DA:35,0
DA:36,0
DA:39,0
DA:40,0
DA:41,0
DA:45,0
DA:47,0
DA:48,0
DA:49,0
DA:50,0
DA:52,0
DA:53,0
DA:54,0
DA:55,0
DA:56,0
DA:62,0
DA:64,0
DA:66,0
DA:67,0
DA:70,0
DA:71,0
DA:72,0
LF:30
LH:0
end_of_record
SF:lib\features\purchase\data\repository\supplier_repository.dart
DA:12,1
DA:13,1
DA:15,1
DA:18,4
DA:19,3
DA:21,0
DA:26,1
DA:29,2
DA:30,1
DA:32,0
DA:37,1
DA:40,2
DA:41,1
DA:43,0
DA:48,1
DA:51,2
DA:52,3
DA:54,0
DA:59,0
DA:62,0
DA:63,0
DA:66,0
DA:71,1
DA:74,4
DA:75,3
DA:77,0
DA:82,1
DA:85,2
DA:86,2
DA:89,0
DA:94,1
DA:97,2
DA:99,0
DA:102,0
DA:107,1
DA:110,2
DA:111,3
DA:113,0
DA:118,1
DA:121,2
DA:123,0
DA:129,1
DA:130,1
DA:131,3
DA:132,2
DA:133,2
DA:138,1
DA:139,3
LF:48
LH:34
end_of_record
SF:lib\features\sale\application\provider\customer_providers.dart
DA:8,0
DA:9,0
DA:10,0
DA:13,0
DA:14,0
DA:15,0
DA:18,0
DA:19,0
DA:20,0
DA:23,0
DA:24,0
DA:25,0
DA:26,0
DA:33,0
DA:35,0
DA:36,0
DA:38,0
DA:39,0
DA:40,0
DA:42,0
DA:46,0
DA:47,0
DA:49,0
DA:50,0
DA:51,0
DA:53,0
DA:57,0
DA:58,0
DA:60,0
DA:61,0
DA:62,0
DA:64,0
DA:68,0
DA:69,0
LF:34
LH:0
end_of_record
SF:lib\features\sale\data\repository\customer_repository.dart
DA:9,0
DA:11,0
DA:13,0
DA:16,0
DA:18,0
DA:21,0
DA:23,0
DA:24,0
DA:27,0
DA:29,0
DA:30,0
DA:33,0
DA:35,0
DA:38,0
DA:40,0
DA:45,0
DA:46,0
DA:47,0
DA:48,0
LF:19
LH:0
end_of_record
SF:lib\features\sale\application\provider\sale_list_provider.dart
DA:9,3
DA:12,1
DA:13,3
DA:17,1
DA:18,4
DA:22,1
DA:23,7
DA:27,1
DA:28,2
DA:29,1
DA:30,4
DA:40,1
DA:50,3
DA:51,3
DA:54,5
DA:56,2
DA:60,2
DA:62,2
DA:63,2
DA:64,2
DA:65,5
DA:67,1
DA:71,2
DA:72,5
DA:74,1
DA:76,1
DA:77,1
DA:83,1
DA:85,1
DA:90,0
DA:91,0
DA:98,2
DA:99,1
DA:100,2
DA:106,4
DA:107,2
DA:108,4
DA:109,4
DA:110,1
DA:111,2
LF:40
LH:38
end_of_record
SF:lib\features\sale\domain\model\sale_cart_item.dart
DA:20,1
DA:21,1
LF:2
LH:2
end_of_record
SF:lib\features\sale\domain\model\sale_cart_item.g.dart
DA:9,1
DA:10,1
DA:11,1
DA:12,2
DA:13,1
DA:14,2
DA:15,1
DA:16,1
DA:17,2
DA:18,2
DA:19,2
DA:22,1
DA:23,1
DA:24,1
DA:25,1
DA:26,1
DA:27,1
DA:28,1
DA:29,1
DA:30,1
DA:31,1
DA:32,1
LF:22
LH:22
end_of_record
SF:lib\features\sale\application\service\sale_service.dart
DA:12,1
DA:22,1
DA:32,1
DA:33,4
DA:35,3
DA:37,2
DA:39,2
DA:40,1
DA:42,1
DA:43,1
DA:44,2
DA:45,1
DA:47,1
DA:49,1
DA:59,2
DA:63,2
DA:68,2
DA:69,4
DA:72,3
DA:73,3
DA:76,2
DA:77,1
DA:79,2
DA:80,1
DA:83,0
DA:84,0
DA:86,0
DA:87,0
DA:92,0
DA:93,0
DA:97,2
DA:98,2
DA:104,4
DA:106,2
DA:107,2
DA:108,1
LF:36
LH:30
end_of_record
SF:lib\features\sale\data\repository\sales_transaction_repository.dart
DA:11,0
DA:13,0
DA:14,0
DA:20,1
DA:22,1
DA:24,1
DA:25,1
DA:26,1
DA:28,3
DA:31,3
DA:32,2
DA:35,3
DA:36,2
DA:37,1
DA:38,1
DA:39,3
DA:42,3
DA:43,1
DA:46,0
DA:52,0
DA:54,0
DA:55,0
DA:59,1
DA:61,3
DA:65,4
DA:66,4
DA:67,1
DA:69,1
DA:72,3
DA:73,1
DA:74,1
DA:76,1
DA:81,1
DA:82,2
DA:83,1
DA:84,1
DA:85,8
DA:89,1
DA:90,3
DA:91,1
DA:92,1
DA:93,1
DA:94,1
DA:95,1
DA:96,1
DA:97,1
DA:99,0
DA:102,1
DA:103,3
DA:104,3
LF:50
LH:42
end_of_record
SF:lib\features\sale\data\repository\sales_transaction_repository.g.dart
DA:9,0
DA:14,2
DA:15,1
LF:3
LH:2
end_of_record
SF:lib\features\sale\domain\model\sales_transaction.dart
DA:26,2
DA:27,2
DA:28,6
DA:29,6
DA:30,6
DA:31,6
DA:32,6
DA:33,12
DA:34,6
DA:37,6
DA:39,2
DA:40,2
DA:41,4
DA:42,4
DA:43,4
DA:44,4
DA:45,10
DA:46,4
DA:50,3
DA:52,0
DA:53,0
DA:55,2
DA:59,2
DA:60,2
DA:61,2
DA:62,2
DA:63,2
DA:65,2
DA:66,12
DA:67,1
DA:69,2
LF:31
LH:29
end_of_record
SF:lib\features\sale\domain\model\sales_transaction.g.dart
DA:9,0
DA:10,0
DA:11,0
DA:12,0
DA:13,0
DA:14,0
DA:15,0
DA:17,0
DA:20,0
DA:21,0
DA:22,0
DA:24,0
DA:26,0
DA:27,0
DA:29,0
DA:30,0
DA:32,0
DA:35,0
DA:36,0
DA:37,0
DA:38,0
DA:39,0
DA:40,0
DA:41,0
DA:42,0
DA:43,0
DA:44,0
DA:45,0
DA:46,0
LF:29
LH:0
end_of_record
SF:lib\features\sale\domain\model\sales_transaction_item.dart
DA:19,4
DA:22,3
DA:25,2
DA:28,3
DA:31,3
DA:34,1
DA:35,1
DA:36,1
DA:37,1
DA:38,1
DA:39,1
DA:42,3
DA:45,2
DA:48,1
DA:49,1
DA:51,1
DA:52,1
DA:55,1
DA:56,1
DA:59,2
DA:60,1
DA:63,1
DA:64,1
DA:67,1
DA:68,1
DA:74,2
DA:75,2
DA:76,9
DA:77,2
DA:78,4
DA:80,10
DA:81,8
DA:82,10
DA:83,2
DA:84,8
DA:88,6
DA:89,6
DA:92,4
DA:93,0
DA:97,2
DA:98,4
DA:99,2
DA:100,4
DA:101,2
DA:102,4
DA:103,4
DA:106,0
DA:111,0
DA:112,0
DA:114,2
DA:115,2
DA:116,2
DA:117,2
DA:118,2
DA:119,2
DA:120,2
DA:121,4
DA:127,1
DA:135,1
DA:144,1
DA:145,4
LF:61
LH:57
end_of_record
SF:lib\features\sale\domain\model\sales_transaction_item.g.dart
DA:9,0
DA:11,0
DA:12,0
DA:13,0
DA:14,0
DA:15,0
DA:16,0
DA:17,0
DA:20,0
DA:22,0
DA:23,0
DA:24,0
DA:25,0
DA:26,0
DA:27,0
DA:28,0
LF:16
LH:0
end_of_record
SF:lib\features\sale\presentation\widgets\sale_item_card.dart
DA:21,0
DA:31,0
DA:32,0
DA:42,0
DA:43,0
DA:45,0
DA:46,0
DA:47,0
DA:49,0
DA:50,0
DA:51,0
DA:52,0
DA:54,0
DA:55,0
DA:60,0
DA:61,0
DA:62,0
DA:64,0
DA:65,0
DA:66,0
DA:67,0
DA:68,0
DA:73,0
DA:75,0
DA:76,0
DA:77,0
DA:80,0
DA:82,0
DA:83,0
DA:84,0
DA:85,0
DA:87,0
DA:89,0
DA:90,0
DA:91,0
DA:95,0
DA:97,0
DA:98,0
DA:100,0
DA:101,0
DA:103,0
DA:104,0
DA:105,0
DA:108,0
DA:110,0
DA:111,0
DA:112,0
DA:113,0
DA:114,0
DA:116,0
DA:118,0
DA:122,0
DA:125,0
DA:126,0
DA:127,0
DA:130,0
DA:132,0
DA:133,0
DA:134,0
DA:138,0
DA:139,0
DA:140,0
DA:142,0
DA:143,0
DA:145,0
DA:146,0
DA:147,0
DA:150,0
DA:152,0
DA:153,0
DA:154,0
DA:156,0
DA:157,0
DA:158,0
DA:159,0
DA:162,0
DA:163,0
DA:167,0
DA:173,0
DA:174,0
DA:176,0
DA:177,0
DA:180,0
DA:181,0
DA:182,0
DA:194,0
DA:195,0
DA:198,0
DA:199,0
DA:201,0
DA:202,0
DA:204,0
DA:205,0
DA:215,0
DA:216,0
DA:218,0
DA:220,0
DA:221,0
DA:222,0
DA:223,0
DA:224,0
DA:225,0
DA:228,0
DA:229,0
DA:242,0
DA:252,0
DA:255,0
DA:256,0
DA:257,0
DA:258,0
DA:259,0
DA:260,0
DA:266,0
DA:267,0
DA:273,0
DA:275,0
DA:276,0
DA:277,0
DA:278,0
DA:282,0
DA:292,0
DA:293,0
DA:294,0
DA:301,0
DA:319,0
DA:320,0
DA:321,0
DA:322,0
DA:323,0
DA:325,0
DA:326,0
DA:327,0
DA:328,0
DA:329,0
DA:336,0
DA:337,0
DA:338,0
DA:348,0
DA:352,0
DA:353,0
DA:355,0
DA:356,0
DA:358,0
DA:361,0
DA:370,0
DA:372,0
DA:374,0
DA:375,0
DA:391,0
DA:392,0
DA:393,0
DA:395,0
DA:397,0
DA:398,0
DA:400,0
DA:409,0
DA:411,0
DA:414,0
DA:423,0
DA:425,0
DA:426,0
DA:428,0
DA:443,0
DA:444,0
DA:445,0
DA:446,0
DA:454,0
DA:456,0
DA:457,0
DA:458,0
DA:460,0
DA:466,0
DA:468,0
DA:471,0
DA:480,0
DA:482,0
DA:484,0
DA:489,0
DA:490,0
DA:513,0
DA:516,0
DA:517,0
DA:518,0
DA:520,0
DA:521,0
LF:185
LH:0
end_of_record
SF:lib\features\settings\presentation\screens\image_cache_management_screen.dart
DA:9,40
DA:11,0
DA:13,0
DA:22,0
DA:24,0
DA:25,0
DA:28,0
DA:29,0
DA:30,0
DA:34,0
DA:35,0
DA:36,0
DA:37,0
DA:40,0
DA:41,0
DA:43,0
DA:47,0
DA:48,0
DA:54,0
DA:55,0
DA:59,0
DA:60,0
DA:61,0
DA:63,0
DA:64,0
DA:66,0
DA:71,0
DA:73,0
DA:74,0
DA:76,0
DA:77,0
DA:78,0
DA:84,0
DA:86,0
DA:90,0
DA:91,0
DA:95,0
DA:97,0
DA:99,0
DA:100,0
DA:102,0
DA:104,0
DA:106,0
DA:112,0
DA:113,0
DA:114,0
DA:116,0
DA:118,0
DA:119,0
DA:120,0
DA:121,0
DA:123,0
DA:125,0
DA:126,0
DA:127,0
DA:132,0
DA:133,0
DA:134,0
DA:135,0
DA:137,0
DA:143,0
DA:144,0
DA:146,0
DA:159,0
DA:160,0
DA:161,0
DA:163,0
DA:165,0
DA:166,0
DA:167,0
DA:168,0
DA:170,0
DA:172,0
DA:173,0
DA:174,0
DA:179,0
DA:181,0
DA:185,0
DA:187,0
DA:191,0
DA:193,0
DA:202,0
DA:203,0
DA:204,0
DA:206,0
DA:208,0
DA:209,0
DA:210,0
DA:211,0
DA:213,0
DA:215,0
DA:216,0
DA:217,0
DA:222,0
DA:224,0
DA:225,0
DA:228,0
DA:235,0
DA:237,0
DA:238,0
DA:249,0
DA:250,0
DA:251,0
DA:252,0
DA:254,0
DA:256,0
DA:257,0
DA:258,0
DA:259,0
DA:261,0
DA:263,0
DA:265,0
DA:271,0
DA:277,0
DA:285,0
DA:291,0
DA:293,0
DA:294,0
DA:295,0
DA:296,0
DA:298,0
DA:299,0
DA:300,0
DA:302,0
DA:304,0
DA:306,0
DA:311,0
DA:313,0
DA:324,0
DA:325,0
DA:326,0
DA:327,0
DA:329,0
DA:330,0
DA:331,0
DA:333,0
DA:337,0
DA:338,0
DA:344,0
DA:345,0
DA:355,0
DA:356,0
DA:357,0
DA:358,0
DA:359,0
DA:360,0
DA:361,0
DA:362,0
DA:363,0
DA:366,0
DA:367,0
DA:368,0
DA:377,0
DA:378,0
DA:379,0
LF:155
LH:1
end_of_record
SF:lib\core\theme\theme_provider.dart
DA:13,3
DA:16,1
DA:35,1
DA:37,1
DA:39,1
DA:40,2
DA:48,1
DA:49,1
DA:51,2
DA:54,1
DA:55,1
DA:57,2
DA:60,1
DA:63,1
DA:64,1
DA:65,2
DA:67,1
DA:68,2
DA:70,1
DA:71,1
DA:73,1
DA:74,1
DA:76,1
DA:77,1
DA:81,2
DA:82,2
DA:83,2
DA:84,1
DA:85,1
DA:90,3
DA:93,1
DA:99,1
DA:101,1
DA:103,1
DA:104,2
DA:112,1
DA:113,1
DA:115,2
DA:118,1
DA:119,1
DA:121,2
DA:124,1
DA:127,1
DA:128,1
DA:129,2
DA:131,1
DA:132,2
DA:134,1
DA:135,1
DA:137,1
DA:138,1
DA:140,1
DA:141,1
DA:145,2
DA:146,2
DA:147,2
DA:148,1
DA:149,1
LF:58
LH:58
end_of_record
SF:lib\core\utils\product_unit_extensions.dart
DA:6,3
DA:9,3
DA:12,3
DA:15,1
DA:16,1
DA:17,1
DA:25,1
DA:26,1
DA:27,5
DA:32,1
DA:33,1
DA:34,5
DA:39,1
DA:41,3
DA:48,1
DA:49,1
DA:50,5
DA:54,1
DA:55,1
DA:56,5
DA:60,1
DA:62,4
DA:69,1
DA:70,1
DA:73,4
DA:74,2
DA:77,4
DA:81,1
DA:82,1
DA:85,4
DA:86,1
DA:89,4
DA:90,1
DA:91,2
LF:34
LH:34
end_of_record
SF:lib\core\utils\unit_converter.dart
DA:18,2
DA:24,2
DA:25,8
DA:26,8
DA:30,1
DA:40,1
DA:45,1
DA:50,0
DA:51,0
DA:53,0
DA:56,0
DA:57,0
DA:58,0
DA:63,0
DA:66,0
DA:67,0
DA:68,0
DA:74,0
DA:75,0
DA:76,0
DA:78,0
DA:84,0
DA:94,1
DA:99,1
DA:100,4
DA:101,4
DA:104,1
DA:112,2
DA:115,2
DA:120,8
DA:121,2
DA:126,8
DA:127,2
DA:131,4
DA:139,0
DA:140,0
DA:141,0
DA:143,0
DA:152,1
DA:153,5
DA:155,1
DA:156,1
DA:159,2
DA:160,1
DA:163,1
DA:176,2
DA:177,2
DA:178,8
DA:179,4
DA:182,2
DA:183,8
DA:184,4
DA:187,3
LF:53
LH:34
end_of_record
SF:lib\features\analytics\application\provider\range_presets.dart
DA:6,0
DA:8,1
DA:9,1
DA:11,1
DA:12,4
DA:13,6
DA:15,1
DA:16,5
DA:17,1
DA:18,5
DA:20,1
DA:21,3
DA:22,2
DA:23,0
DA:24,4
DA:25,5
DA:27,0
LF:17
LH:14
end_of_record
SF:lib\features\inbound\domain\model\inbound_receipt.dart
DA:13,1
DA:43,1
DA:44,1
DA:47,3
DA:48,3
DA:49,3
DA:52,1
DA:58,0
DA:59,1
DA:71,1
DA:72,1
DA:73,4
DA:75,2
DA:76,1
DA:77,4
DA:79,1
DA:81,4
DA:85,1
DA:86,2
DA:87,1
DA:88,5
DA:89,1
DA:90,2
DA:94,1
DA:95,2
DA:96,1
DA:97,5
DA:98,1
DA:99,2
DA:102,6
DA:104,0
DA:106,0
DA:117,1
DA:118,4
DA:121,1
DA:122,4
LF:36
LH:33
end_of_record
SF:lib\features\inbound\domain\model\inbound_receipt.g.dart
DA:9,1
DA:10,1
DA:11,1
DA:12,2
DA:13,1
DA:14,1
DA:15,1
DA:16,1
DA:17,2
DA:18,2
DA:19,1
DA:21,2
DA:24,1
DA:26,1
DA:27,1
DA:28,1
DA:29,1
DA:30,1
DA:31,1
DA:32,1
DA:33,2
DA:34,2
DA:35,2
LF:23
LH:23
end_of_record
SF:lib\features\inbound\domain\model\location.dart
DA:13,1
DA:35,4
DA:38,3
DA:41,3
DA:44,1
DA:54,1
DA:55,1
DA:56,1
DA:57,1
DA:58,1
DA:59,1
DA:60,1
DA:61,1
DA:62,1
DA:67,1
DA:73,1
DA:74,1
DA:75,2
DA:87,4
DA:89,0
DA:90,0
DA:92,1
DA:95,4
DA:98,1
DA:99,2
LF:25
LH:23
end_of_record
SF:lib\features\outbound\domain\model\outbound_item.dart
DA:11,6
DA:31,0
DA:32,0
DA:38,3
DA:39,3
DA:40,6
DA:41,6
DA:45,3
DA:46,6
DA:47,12
DA:51,6
LF:11
LH:9
end_of_record
SF:lib\features\outbound\domain\model\outbound_item.g.dart
DA:9,0
DA:10,0
DA:11,0
DA:12,0
DA:13,0
DA:14,0
DA:15,0
DA:18,0
DA:19,0
DA:20,0
DA:21,0
DA:22,0
DA:23,0
DA:24,0
LF:14
LH:0
end_of_record
SF:lib\features\outbound\domain\model\outbound_receipt.dart
DA:12,2
DA:37,0
DA:38,0
DA:41,2
DA:47,1
DA:48,2
DA:58,2
DA:59,2
DA:60,8
DA:62,4
DA:63,2
DA:64,8
DA:66,2
DA:68,8
DA:72,2
DA:73,4
DA:74,2
DA:75,10
DA:76,2
DA:77,4
DA:81,2
DA:82,4
DA:83,2
DA:84,10
DA:85,2
DA:86,4
DA:89,12
DA:91,0
DA:93,0
LF:29
LH:25
end_of_record
SF:lib\features\outbound\domain\model\outbound_receipt.g.dart
DA:9,0
DA:11,0
DA:12,0
DA:13,0
DA:14,0
DA:15,0
DA:16,0
DA:17,0
DA:19,0
DA:20,0
DA:21,0
DA:25,0
DA:27,0
DA:28,0
DA:29,0
DA:30,0
DA:31,0
DA:32,0
DA:33,0
DA:34,0
LF:20
LH:0
end_of_record
SF:lib\features\purchase\domain\model\purchase_order_item.dart
DA:19,2
DA:22,3
DA:23,3
DA:24,3
DA:25,3
DA:27,1
DA:28,1
DA:29,1
DA:30,1
DA:31,1
DA:33,1
DA:34,1
DA:35,2
DA:36,2
DA:37,2
DA:38,2
DA:44,1
DA:45,1
DA:46,3
DA:47,1
DA:48,2
DA:49,2
DA:50,2
DA:52,3
DA:56,2
DA:57,2
DA:59,1
DA:62,1
DA:63,1
DA:64,1
DA:65,1
DA:66,1
DA:67,1
DA:68,1
DA:73,1
DA:81,1
DA:89,1
DA:90,4
LF:38
LH:38
end_of_record
SF:lib\features\purchase\domain\model\purchase_order_item.g.dart
DA:9,2
DA:11,2
DA:12,4
DA:13,4
DA:14,4
DA:15,4
DA:16,4
DA:17,2
DA:19,0
DA:22,0
DA:24,0
DA:25,0
DA:26,0
DA:27,0
DA:28,0
DA:29,0
DA:30,0
LF:17
LH:8
end_of_record
SF:lib\features\purchase\domain\model\purchase_order.dart
DA:21,1
DA:23,1
DA:24,1
DA:25,3
DA:26,2
DA:27,2
DA:28,2
DA:30,3
DA:31,3
DA:35,1
DA:36,1
DA:38,1
DA:42,1
DA:43,1
DA:44,1
DA:45,1
DA:46,1
DA:47,1
DA:48,1
LF:19
LH:19
end_of_record
SF:lib\features\purchase\domain\model\purchase_order.g.dart
DA:9,1
DA:10,1
DA:11,2
DA:12,2
DA:13,2
DA:15,2
DA:18,1
DA:19,1
DA:20,1
DA:21,1
DA:23,1
DA:25,1
DA:27,0
DA:28,1
DA:30,0
DA:33,0
DA:34,0
DA:35,0
DA:36,0
DA:37,0
DA:38,0
DA:39,0
DA:40,0
DA:41,0
LF:24
LH:13
end_of_record
